{"meta": {"format": 3, "version": "7.9.2", "timestamp": "2025-10-16T13:05:53.845300", "branch_coverage": false, "show_contexts": false}, "files": {"muc_one_up/__init__.py": {"executed_lines": [1, 7], "summary": {"covered_lines": 1, "num_statements": 1, "percent_covered": 100.0, "percent_covered_display": "100", "missing_lines": 0, "excluded_lines": 0}, "missing_lines": [], "excluded_lines": [], "functions": {"": {"executed_lines": [1, 7], "summary": {"covered_lines": 1, "num_statements": 1, "percent_covered": 100.0, "percent_covered_display": "100", "missing_lines": 0, "excluded_lines": 0}, "missing_lines": [], "excluded_lines": []}}, "classes": {"": {"executed_lines": [1, 7], "summary": {"covered_lines": 1, "num_statements": 1, "percent_covered": 100.0, "percent_covered_display": "100", "missing_lines": 0, "excluded_lines": 0}, "missing_lines": [], "excluded_lines": []}}}, "muc_one_up/analysis/__init__.py": {"executed_lines": [1, 3, 5], "summary": {"covered_lines": 2, "num_statements": 2, "percent_covered": 100.0, "percent_covered_display": "100", "missing_lines": 0, "excluded_lines": 0}, "missing_lines": [], "excluded_lines": [], "functions": {"": {"executed_lines": [1, 3, 5], "summary": {"covered_lines": 2, "num_statements": 2, "percent_covered": 100.0, "percent_covered_display": "100", "missing_lines": 0, "excluded_lines": 0}, "missing_lines": [], "excluded_lines": []}}, "classes": {"": {"executed_lines": [1, 3, 5], "summary": {"covered_lines": 2, "num_statements": 2, "percent_covered": 100.0, "percent_covered_display": "100", "missing_lines": 0, "excluded_lines": 0}, "missing_lines": [], "excluded_lines": []}}}, "muc_one_up/analysis/vntr_statistics.py": {"executed_lines": [1, 22, 23, 24, 25, 26, 27, 30, 55, 56, 57, 60, 114, 115, 116, 117, 119, 120, 121, 122, 123, 124, 125, 126, 127, 128, 129, 132, 133, 134, 135, 137, 138, 139, 140, 142, 144, 145, 146, 147, 148, 151, 152, 154, 155, 156, 157, 159, 161, 162, 163, 165, 166, 168, 169, 170, 171, 172, 173, 176, 177, 183, 184, 187, 188, 189, 190, 193, 194, 195, 196, 198], "summary": {"covered_lines": 71, "num_statements": 77, "percent_covered": 92.20779220779221, "percent_covered_display": "92", "missing_lines": 6, "excluded_lines": 0}, "missing_lines": [130, 153, 158, 160, 164, 167], "excluded_lines": [], "functions": {"parse_vntr": {"executed_lines": [55, 56, 57], "summary": {"covered_lines": 3, "num_statements": 3, "percent_covered": 100.0, "percent_covered_display": "100", "missing_lines": 0, "excluded_lines": 0}, "missing_lines": [], "excluded_lines": []}, "analyze_vntr_sequences": {"executed_lines": [114, 115, 116, 117, 119, 120, 121, 122, 123, 124, 125, 126, 127, 128, 129, 132, 133, 134, 135, 137, 138, 139, 140, 142, 144, 145, 146, 147, 148, 151, 152, 154, 155, 156, 157, 159, 161, 162, 163, 165, 166, 168, 169, 170, 171, 172, 173, 176, 177, 183, 184, 187, 188, 189, 190, 193, 194, 195, 196, 198], "summary": {"covered_lines": 60, "num_statements": 66, "percent_covered": 90.9090909090909, "percent_covered_display": "91", "missing_lines": 6, "excluded_lines": 0}, "missing_lines": [130, 153, 158, 160, 164, 167], "excluded_lines": []}, "": {"executed_lines": [1, 22, 23, 24, 25, 26, 27, 30, 60], "summary": {"covered_lines": 8, "num_statements": 8, "percent_covered": 100.0, "percent_covered_display": "100", "missing_lines": 0, "excluded_lines": 0}, "missing_lines": [], "excluded_lines": []}}, "classes": {"": {"executed_lines": [1, 22, 23, 24, 25, 26, 27, 30, 55, 56, 57, 60, 114, 115, 116, 117, 119, 120, 121, 122, 123, 124, 125, 126, 127, 128, 129, 132, 133, 134, 135, 137, 138, 139, 140, 142, 144, 145, 146, 147, 148, 151, 152, 154, 155, 156, 157, 159, 161, 162, 163, 165, 166, 168, 169, 170, 171, 172, 173, 176, 177, 183, 184, 187, 188, 189, 190, 193, 194, 195, 196, 198], "summary": {"covered_lines": 71, "num_statements": 77, "percent_covered": 92.20779220779221, "percent_covered_display": "92", "missing_lines": 6, "excluded_lines": 0}, "missing_lines": [130, 153, 158, 160, 164, 167], "excluded_lines": []}}}, "muc_one_up/bioinformatics/__init__.py": {"executed_lines": [1, 10, 17], "summary": {"covered_lines": 2, "num_statements": 2, "percent_covered": 100.0, "percent_covered_display": "100", "missing_lines": 0, "excluded_lines": 0}, "missing_lines": [], "excluded_lines": [], "functions": {"": {"executed_lines": [1, 10, 17], "summary": {"covered_lines": 2, "num_statements": 2, "percent_covered": 100.0, "percent_covered_display": "100", "missing_lines": 0, "excluded_lines": 0}, "missing_lines": [], "excluded_lines": []}}, "classes": {"": {"executed_lines": [1, 10, 17], "summary": {"covered_lines": 2, "num_statements": 2, "percent_covered": 100.0, "percent_covered_display": "100", "missing_lines": 0, "excluded_lines": 0}, "missing_lines": [], "excluded_lines": []}}}, "muc_one_up/bioinformatics/reference_validation.py": {"executed_lines": [], "summary": {"covered_lines": 0, "num_statements": 65, "percent_covered": 0.0, "percent_covered_display": "0", "missing_lines": 65, "excluded_lines": 0}, "missing_lines": [7, 9, 10, 13, 30, 31, 34, 35, 38, 39, 40, 43, 44, 45, 46, 48, 50, 53, 62, 63, 65, 66, 67, 68, 70, 71, 72, 74, 77, 86, 87, 89, 90, 94, 97, 111, 112, 115, 116, 119, 120, 121, 122, 123, 124, 126, 129, 139, 141, 142, 145, 146, 147, 150, 151, 154, 155, 156, 161, 162, 163, 164, 165, 168, 169], "excluded_lines": [], "functions": {"validate_reference_genome": {"executed_lines": [], "summary": {"covered_lines": 0, "num_statements": 13, "percent_covered": 0.0, "percent_covered_display": "0", "missing_lines": 13, "excluded_lines": 0}, "missing_lines": [30, 31, 34, 35, 38, 39, 40, 43, 44, 45, 46, 48, 50], "excluded_lines": []}, "_validate_bwa_indices": {"executed_lines": [], "summary": {"covered_lines": 0, "num_statements": 10, "percent_covered": 0.0, "percent_covered_display": "0", "missing_lines": 10, "excluded_lines": 0}, "missing_lines": [62, 63, 65, 66, 67, 68, 70, 71, 72, 74], "excluded_lines": []}, "_validate_minimap2_indices": {"executed_lines": [], "summary": {"covered_lines": 0, "num_statements": 5, "percent_covered": 0.0, "percent_covered_display": "0", "missing_lines": 5, "excluded_lines": 0}, "missing_lines": [86, 87, 89, 90, 94], "excluded_lines": []}, "validate_bam_file": {"executed_lines": [], "summary": {"covered_lines": 0, "num_statements": 11, "percent_covered": 0.0, "percent_covered_display": "0", "missing_lines": 11, "excluded_lines": 0}, "missing_lines": [111, 112, 115, 116, 119, 120, 121, 122, 123, 124, 126], "excluded_lines": []}, "validate_bed_file": {"executed_lines": [], "summary": {"covered_lines": 0, "num_statements": 18, "percent_covered": 0.0, "percent_covered_display": "0", "missing_lines": 18, "excluded_lines": 0}, "missing_lines": [139, 141, 142, 145, 146, 147, 150, 151, 154, 155, 156, 161, 162, 163, 164, 165, 168, 169], "excluded_lines": []}, "": {"executed_lines": [], "summary": {"covered_lines": 0, "num_statements": 8, "percent_covered": 0.0, "percent_covered_display": "0", "missing_lines": 8, "excluded_lines": 0}, "missing_lines": [7, 9, 10, 13, 53, 77, 97, 129], "excluded_lines": []}}, "classes": {"": {"executed_lines": [], "summary": {"covered_lines": 0, "num_statements": 65, "percent_covered": 0.0, "percent_covered_display": "0", "missing_lines": 65, "excluded_lines": 0}, "missing_lines": [7, 9, 10, 13, 30, 31, 34, 35, 38, 39, 40, 43, 44, 45, 46, 48, 50, 53, 62, 63, 65, 66, 67, 68, 70, 71, 72, 74, 77, 86, 87, 89, 90, 94, 97, 111, 112, 115, 116, 119, 120, 121, 122, 123, 124, 126, 129, 139, 141, 142, 145, 146, 147, 150, 151, 154, 155, 156, 161, 162, 163, 164, 165, 168, 169], "excluded_lines": []}}}, "muc_one_up/bioinformatics/validation.py": {"executed_lines": [1, 10, 11, 13, 14, 17, 18, 21, 24, 34, 35, 38, 39, 40, 42, 43, 46, 61, 63, 64, 66, 67, 69, 70, 72, 73, 76, 77, 78, 79, 80, 82, 84, 85, 88, 101, 102, 105, 107, 109, 111, 112, 118, 128, 129, 131, 132, 133, 136, 158, 159, 165, 166, 172, 173, 176, 177, 180, 189, 190, 193, 206, 207, 209, 210], "summary": {"covered_lines": 64, "num_statements": 64, "percent_covered": 100.0, "percent_covered_display": "100", "missing_lines": 0, "excluded_lines": 0}, "missing_lines": [], "excluded_lines": [], "functions": {"validate_dna_sequence": {"executed_lines": [34, 35, 38, 39, 40, 42, 43], "summary": {"covered_lines": 7, "num_statements": 7, "percent_covered": 100.0, "percent_covered_display": "100", "missing_lines": 0, "excluded_lines": 0}, "missing_lines": [], "excluded_lines": []}, "validate_fasta_format": {"executed_lines": [61, 63, 64, 66, 67, 69, 70, 72, 73, 76, 77, 78, 79, 80, 82, 84, 85], "summary": {"covered_lines": 17, "num_statements": 17, "percent_covered": 100.0, "percent_covered_display": "100", "missing_lines": 0, "excluded_lines": 0}, "missing_lines": [], "excluded_lines": []}, "validate_repeat_structure": {"executed_lines": [101, 102, 105, 107, 109, 111, 112], "summary": {"covered_lines": 7, "num_statements": 7, "percent_covered": 100.0, "percent_covered_display": "100", "missing_lines": 0, "excluded_lines": 0}, "missing_lines": [], "excluded_lines": []}, "validate_snp_base": {"executed_lines": [128, 129, 131, 132, 133], "summary": {"covered_lines": 5, "num_statements": 5, "percent_covered": 100.0, "percent_covered_display": "100", "missing_lines": 0, "excluded_lines": 0}, "missing_lines": [], "excluded_lines": []}, "validate_snp_record": {"executed_lines": [158, 159, 165, 166, 172, 173, 176, 177], "summary": {"covered_lines": 8, "num_statements": 8, "percent_covered": 100.0, "percent_covered_display": "100", "missing_lines": 0, "excluded_lines": 0}, "missing_lines": [], "excluded_lines": []}, "validate_gc_content_range": {"executed_lines": [189, 190], "summary": {"covered_lines": 2, "num_statements": 2, "percent_covered": 100.0, "percent_covered_display": "100", "missing_lines": 0, "excluded_lines": 0}, "missing_lines": [], "excluded_lines": []}, "validate_sequence_length": {"executed_lines": [206, 207, 209, 210], "summary": {"covered_lines": 4, "num_statements": 4, "percent_covered": 100.0, "percent_covered_display": "100", "missing_lines": 0, "excluded_lines": 0}, "missing_lines": [], "excluded_lines": []}, "": {"executed_lines": [1, 10, 11, 13, 14, 17, 18, 21, 24, 46, 88, 118, 136, 180, 193], "summary": {"covered_lines": 14, "num_statements": 14, "percent_covered": 100.0, "percent_covered_display": "100", "missing_lines": 0, "excluded_lines": 0}, "missing_lines": [], "excluded_lines": []}}, "classes": {"": {"executed_lines": [1, 10, 11, 13, 14, 17, 18, 21, 24, 34, 35, 38, 39, 40, 42, 43, 46, 61, 63, 64, 66, 67, 69, 70, 72, 73, 76, 77, 78, 79, 80, 82, 84, 85, 88, 101, 102, 105, 107, 109, 111, 112, 118, 128, 129, 131, 132, 133, 136, 158, 159, 165, 166, 172, 173, 176, 177, 180, 189, 190, 193, 206, 207, 209, 210], "summary": {"covered_lines": 64, "num_statements": 64, "percent_covered": 100.0, "percent_covered_display": "100", "missing_lines": 0, "excluded_lines": 0}, "missing_lines": [], "excluded_lines": []}}}, "muc_one_up/cli/__init__.py": {"executed_lines": [1, 10, 12], "summary": {"covered_lines": 2, "num_statements": 2, "percent_covered": 100.0, "percent_covered_display": "100", "missing_lines": 0, "excluded_lines": 0}, "missing_lines": [], "excluded_lines": [], "functions": {"": {"executed_lines": [1, 10, 12], "summary": {"covered_lines": 2, "num_statements": 2, "percent_covered": 100.0, "percent_covered_display": "100", "missing_lines": 0, "excluded_lines": 0}, "missing_lines": [], "excluded_lines": []}}, "classes": {"": {"executed_lines": [1, 10, 12], "summary": {"covered_lines": 2, "num_statements": 2, "percent_covered": 100.0, "percent_covered_display": "100", "missing_lines": 0, "excluded_lines": 0}, "missing_lines": [], "excluded_lines": []}}}, "muc_one_up/cli/analysis.py": {"executed_lines": [1, 7, 8, 9, 11, 12, 13, 17, 18, 21, 120, 188], "summary": {"covered_lines": 11, "num_statements": 98, "percent_covered": 11.224489795918368, "percent_covered_display": "11", "missing_lines": 87, "excluded_lines": 0}, "missing_lines": [25, 26, 28, 29, 32, 34, 35, 41, 47, 52, 53, 56, 57, 59, 60, 62, 65, 69, 72, 76, 77, 78, 79, 81, 86, 87, 89, 91, 92, 98, 99, 100, 103, 104, 106, 107, 109, 110, 112, 113, 115, 116, 117, 122, 123, 125, 126, 127, 129, 130, 132, 133, 136, 138, 139, 144, 145, 150, 151, 155, 156, 161, 162, 167, 168, 172, 174, 175, 178, 179, 182, 183, 204, 206, 208, 209, 218, 228, 231, 235, 236, 238, 239, 240, 245, 255, 256], "excluded_lines": [], "functions": {"run_orf_prediction": {"executed_lines": [], "summary": {"covered_lines": 0, "num_statements": 43, "percent_covered": 0.0, "percent_covered_display": "0", "missing_lines": 43, "excluded_lines": 0}, "missing_lines": [25, 26, 28, 29, 32, 34, 35, 41, 47, 52, 53, 56, 57, 59, 60, 62, 65, 69, 72, 76, 77, 78, 79, 81, 86, 87, 89, 91, 92, 98, 99, 100, 103, 104, 106, 107, 109, 110, 112, 113, 115, 116, 117], "excluded_lines": []}, "run_read_simulation": {"executed_lines": [], "summary": {"covered_lines": 0, "num_statements": 29, "percent_covered": 0.0, "percent_covered_display": "0", "missing_lines": 29, "excluded_lines": 0}, "missing_lines": [122, 123, 125, 126, 127, 129, 130, 132, 133, 136, 138, 139, 144, 145, 150, 151, 155, 156, 161, 162, 167, 168, 172, 174, 175, 178, 179, 182, 183], "excluded_lines": []}, "write_simulation_statistics": {"executed_lines": [], "summary": {"covered_lines": 0, "num_statements": 15, "percent_covered": 0.0, "percent_covered_display": "0", "missing_lines": 15, "excluded_lines": 0}, "missing_lines": [204, 206, 208, 209, 218, 228, 231, 235, 236, 238, 239, 240, 245, 255, 256], "excluded_lines": []}, "": {"executed_lines": [1, 7, 8, 9, 11, 12, 13, 17, 18, 21, 120, 188], "summary": {"covered_lines": 11, "num_statements": 11, "percent_covered": 100.0, "percent_covered_display": "100", "missing_lines": 0, "excluded_lines": 0}, "missing_lines": [], "excluded_lines": []}}, "classes": {"": {"executed_lines": [1, 7, 8, 9, 11, 12, 13, 17, 18, 21, 120, 188], "summary": {"covered_lines": 11, "num_statements": 98, "percent_covered": 11.224489795918368, "percent_covered_display": "11", "missing_lines": 87, "excluded_lines": 0}, "missing_lines": [25, 26, 28, 29, 32, 34, 35, 41, 47, 52, 53, 56, 57, 59, 60, 62, 65, 69, 72, 76, 77, 78, 79, 81, 86, 87, 89, 91, 92, 98, 99, 100, 103, 104, 106, 107, 109, 110, 112, 113, 115, 116, 117, 122, 123, 125, 126, 127, 129, 130, 132, 133, 136, 138, 139, 144, 145, 150, 151, 155, 156, 161, 162, 167, 168, 172, 174, 175, 178, 179, 182, 183, 204, 206, 208, 209, 218, 228, 231, 235, 236, 238, 239, 240, 245, 255, 256], "excluded_lines": []}}}, "muc_one_up/cli/click_main.py": {"executed_lines": [1, 14, 15, 16, 17, 18, 20, 22, 23, 24, 29, 36, 41, 44, 45, 46, 47, 48, 49, 50, 58, 59, 60, 66, 72, 73, 98, 99, 100, 101, 109, 110, 116, 123, 130, 135, 140, 146, 152, 157, 163, 167, 173, 178, 183, 188, 193, 200, 207, 208, 226, 228, 231, 232, 235, 236, 239, 244, 245, 261, 265, 266, 267, 279, 280, 289, 290, 293, 300, 305, 312, 319, 320, 345, 346, 349, 350, 351, 354, 355, 356, 357, 358, 361, 370, 371, 373, 375, 377, 382, 391, 396, 397, 398, 401, 402, 405, 412, 417, 424, 431, 432, 517, 518, 527, 528, 531, 538, 543, 550, 555, 556, 578, 580, 581, 582, 583, 584, 587, 596, 597, 599, 601, 603, 608, 609, 618, 629, 632, 634, 638, 641, 654, 655, 657, 658, 659, 662, 663, 666, 673, 678, 679, 701, 703, 712, 713, 715, 717, 719, 724, 727, 728, 729, 731, 732, 733, 734, 735, 737, 738, 739, 740, 742, 743, 746, 752, 753, 754, 756, 760, 761, 762, 764, 766, 767, 769, 770, 771, 779, 780, 781, 787, 793, 798, 804, 805, 838, 840, 841, 842, 844, 845, 846, 847, 849, 852, 855, 856, 859, 869, 870, 871, 872, 873, 876, 878, 884, 885, 886, 894, 913, 915, 917, 949, 954], "summary": {"covered_lines": 214, "num_statements": 269, "percent_covered": 79.5539033457249, "percent_covered_display": "80", "missing_lines": 55, "excluded_lines": 2}, "missing_lines": [42, 258, 259, 262, 263, 269, 270, 271, 362, 380, 393, 394, 454, 455, 458, 459, 460, 463, 464, 465, 466, 467, 468, 469, 472, 473, 481, 482, 484, 486, 488, 491, 493, 502, 504, 505, 507, 508, 509, 588, 606, 630, 635, 636, 642, 644, 648, 649, 650, 652, 704, 722, 736, 910, 951], "excluded_lines": [954, 955], "functions": {"configure_logging": {"executed_lines": [41, 44, 45, 46, 47, 48, 49, 50], "summary": {"covered_lines": 8, "num_statements": 9, "percent_covered": 88.88888888888889, "percent_covered_display": "89", "missing_lines": 1, "excluded_lines": 0}, "missing_lines": [42], "excluded_lines": []}, "cli": {"executed_lines": [98, 99, 100, 101], "summary": {"covered_lines": 4, "num_statements": 4, "percent_covered": 100.0, "percent_covered_display": "100", "missing_lines": 0, "excluded_lines": 0}, "missing_lines": [], "excluded_lines": []}, "simulate": {"executed_lines": [226, 228, 231, 232, 235, 236, 239, 244, 245, 261, 265, 266, 267], "summary": {"covered_lines": 13, "num_statements": 20, "percent_covered": 65.0, "percent_covered_display": "65", "missing_lines": 7, "excluded_lines": 0}, "missing_lines": [258, 259, 262, 263, 269, 270, 271], "excluded_lines": []}, "reads": {"executed_lines": [], "summary": {"covered_lines": 0, "num_statements": 0, "percent_covered": 100.0, "percent_covered_display": "100", "missing_lines": 0, "excluded_lines": 0}, "missing_lines": [], "excluded_lines": []}, "illumina": {"executed_lines": [345, 346, 349, 350, 351, 354, 355, 356, 357, 358, 361, 370, 371, 373, 375, 377, 382, 391, 396, 397, 398], "summary": {"covered_lines": 21, "num_statements": 25, "percent_covered": 84.0, "percent_covered_display": "84", "missing_lines": 4, "excluded_lines": 0}, "missing_lines": [362, 380, 393, 394], "excluded_lines": []}, "ont": {"executed_lines": [], "summary": {"covered_lines": 0, "num_statements": 27, "percent_covered": 0.0, "percent_covered_display": "0", "missing_lines": 27, "excluded_lines": 0}, "missing_lines": [454, 455, 458, 459, 460, 463, 464, 465, 466, 467, 468, 469, 472, 473, 481, 482, 484, 486, 488, 491, 493, 502, 504, 505, 507, 508, 509], "excluded_lines": []}, "analyze": {"executed_lines": [], "summary": {"covered_lines": 0, "num_statements": 0, "percent_covered": 100.0, "percent_covered_display": "100", "missing_lines": 0, "excluded_lines": 0}, "missing_lines": [], "excluded_lines": []}, "orfs": {"executed_lines": [578, 580, 581, 582, 583, 584, 587, 596, 597, 599, 601, 603, 608, 609, 618, 629, 632, 634, 638, 641, 654, 655, 657, 658, 659], "summary": {"covered_lines": 25, "num_statements": 36, "percent_covered": 69.44444444444444, "percent_covered_display": "69", "missing_lines": 11, "excluded_lines": 0}, "missing_lines": [588, 606, 630, 635, 636, 642, 644, 648, 649, 650, 652], "excluded_lines": []}, "stats": {"executed_lines": [701, 703, 712, 713, 715, 717, 719, 724, 727, 728, 729, 731, 732, 733, 734, 735, 737, 738, 739, 740, 742, 743, 746, 752, 753, 754, 756, 760, 761, 762, 764, 766, 767, 769, 770, 771], "summary": {"covered_lines": 36, "num_statements": 39, "percent_covered": 92.3076923076923, "percent_covered_display": "92", "missing_lines": 3, "excluded_lines": 0}, "missing_lines": [704, 722, 736], "excluded_lines": []}, "vntr_stats": {"executed_lines": [838, 840, 841, 842, 844, 845, 846, 847, 849, 852, 855, 856, 859, 869, 870, 871, 872, 873, 876, 878, 884, 885, 886], "summary": {"covered_lines": 23, "num_statements": 23, "percent_covered": 100.0, "percent_covered_display": "100", "missing_lines": 0, "excluded_lines": 0}, "missing_lines": [], "excluded_lines": []}, "_generate_output_base": {"executed_lines": [], "summary": {"covered_lines": 0, "num_statements": 1, "percent_covered": 0.0, "percent_covered_display": "0", "missing_lines": 1, "excluded_lines": 0}, "missing_lines": [910], "excluded_lines": []}, "_make_args_namespace": {"executed_lines": [915, 917], "summary": {"covered_lines": 2, "num_statements": 2, "percent_covered": 100.0, "percent_covered_display": "100", "missing_lines": 0, "excluded_lines": 0}, "missing_lines": [], "excluded_lines": []}, "main": {"executed_lines": [], "summary": {"covered_lines": 0, "num_statements": 1, "percent_covered": 0.0, "percent_covered_display": "0", "missing_lines": 1, "excluded_lines": 0}, "missing_lines": [951], "excluded_lines": []}, "": {"executed_lines": [1, 14, 15, 16, 17, 18, 20, 22, 23, 24, 29, 36, 58, 59, 60, 66, 72, 73, 109, 110, 116, 123, 130, 135, 140, 146, 152, 157, 163, 167, 173, 178, 183, 188, 193, 200, 207, 208, 279, 280, 289, 290, 293, 300, 305, 312, 319, 320, 401, 402, 405, 412, 417, 424, 431, 432, 517, 518, 527, 528, 531, 538, 543, 550, 555, 556, 662, 663, 666, 673, 678, 679, 779, 780, 781, 787, 793, 798, 804, 805, 894, 913, 949, 954], "summary": {"covered_lines": 82, "num_statements": 82, "percent_covered": 100.0, "percent_covered_display": "100", "missing_lines": 0, "excluded_lines": 2}, "missing_lines": [], "excluded_lines": [954, 955]}}, "classes": {"": {"executed_lines": [1, 14, 15, 16, 17, 18, 20, 22, 23, 24, 29, 36, 41, 44, 45, 46, 47, 48, 49, 50, 58, 59, 60, 66, 72, 73, 98, 99, 100, 101, 109, 110, 116, 123, 130, 135, 140, 146, 152, 157, 163, 167, 173, 178, 183, 188, 193, 200, 207, 208, 226, 228, 231, 232, 235, 236, 239, 244, 245, 261, 265, 266, 267, 279, 280, 289, 290, 293, 300, 305, 312, 319, 320, 345, 346, 349, 350, 351, 354, 355, 356, 357, 358, 361, 370, 371, 373, 375, 377, 382, 391, 396, 397, 398, 401, 402, 405, 412, 417, 424, 431, 432, 517, 518, 527, 528, 531, 538, 543, 550, 555, 556, 578, 580, 581, 582, 583, 584, 587, 596, 597, 599, 601, 603, 608, 609, 618, 629, 632, 634, 638, 641, 654, 655, 657, 658, 659, 662, 663, 666, 673, 678, 679, 701, 703, 712, 713, 715, 717, 719, 724, 727, 728, 729, 731, 732, 733, 734, 735, 737, 738, 739, 740, 742, 743, 746, 752, 753, 754, 756, 760, 761, 762, 764, 766, 767, 769, 770, 771, 779, 780, 781, 787, 793, 798, 804, 805, 838, 840, 841, 842, 844, 845, 846, 847, 849, 852, 855, 856, 859, 869, 870, 871, 872, 873, 876, 878, 884, 885, 886, 894, 913, 915, 917, 949, 954], "summary": {"covered_lines": 214, "num_statements": 269, "percent_covered": 79.5539033457249, "percent_covered_display": "80", "missing_lines": 55, "excluded_lines": 2}, "missing_lines": [42, 258, 259, 262, 263, 269, 270, 271, 362, 380, 393, 394, 454, 455, 458, 459, 460, 463, 464, 465, 466, 467, 468, 469, 472, 473, 481, 482, 484, 486, 488, 491, 493, 502, 504, 505, 507, 508, 509, 588, 606, 630, 635, 636, 642, 644, 648, 649, 650, 652, 704, 722, 736, 910, 951], "excluded_lines": [954, 955]}}}, "muc_one_up/cli/config.py": {"executed_lines": [1, 8, 9, 10, 11, 12, 13, 15, 16, 19, 28, 29, 32, 33, 34, 35, 36, 37, 38, 39, 43, 44, 45, 46, 47, 48, 49, 50, 53, 58, 61, 68, 69, 70, 73, 88, 89, 90, 91, 93, 94, 95, 96, 101, 102, 103, 104, 106, 107, 108, 110, 113, 132, 133, 136, 170, 171, 172, 173, 174, 175, 176, 177, 178, 179, 180, 181, 182, 185, 186, 187, 193, 194, 198, 200, 203, 221, 222, 225, 236, 237, 238, 239, 240, 244, 245, 247, 249], "summary": {"covered_lines": 87, "num_statements": 109, "percent_covered": 79.81651376146789, "percent_covered_display": "80", "missing_lines": 22, "excluded_lines": 0}, "missing_lines": [40, 41, 137, 138, 139, 142, 143, 145, 146, 151, 152, 159, 160, 162, 163, 164, 165, 184, 226, 227, 228, 229], "excluded_lines": [], "functions": {"parse_fixed_lengths": {"executed_lines": [28, 29, 32, 33, 34, 35, 36, 37, 38, 39, 43, 44, 45, 46, 47, 48, 49, 50], "summary": {"covered_lines": 18, "num_statements": 20, "percent_covered": 90.0, "percent_covered_display": "90", "missing_lines": 2, "excluded_lines": 0}, "missing_lines": [40, 41], "excluded_lines": []}, "build_cartesian_fixed_length_configs": {"executed_lines": [58], "summary": {"covered_lines": 1, "num_statements": 1, "percent_covered": 100.0, "percent_covered_display": "100", "missing_lines": 0, "excluded_lines": 0}, "missing_lines": [], "excluded_lines": []}, "numbered_filename": {"executed_lines": [68, 69, 70], "summary": {"covered_lines": 3, "num_statements": 3, "percent_covered": 100.0, "percent_covered_display": "100", "missing_lines": 0, "excluded_lines": 0}, "missing_lines": [], "excluded_lines": []}, "setup_configuration": {"executed_lines": [88, 89, 90, 91, 93, 94, 95, 96, 101, 102, 103, 104, 106, 107, 108, 110], "summary": {"covered_lines": 16, "num_statements": 16, "percent_covered": 100.0, "percent_covered_display": "100", "missing_lines": 0, "excluded_lines": 0}, "missing_lines": [], "excluded_lines": []}, "determine_simulation_mode": {"executed_lines": [132, 133, 136, 170, 171, 172, 173, 174, 175, 176, 177, 178, 179, 180, 181, 182, 185, 186, 187, 193, 194, 198, 200], "summary": {"covered_lines": 23, "num_statements": 39, "percent_covered": 58.97435897435897, "percent_covered_display": "59", "missing_lines": 16, "excluded_lines": 0}, "missing_lines": [137, 138, 139, 142, 143, 145, 146, 151, 152, 159, 160, 162, 163, 164, 165, 184], "excluded_lines": []}, "process_mutation_config": {"executed_lines": [221, 222, 225, 236, 237, 238, 239, 240, 244, 245, 247, 249], "summary": {"covered_lines": 12, "num_statements": 16, "percent_covered": 75.0, "percent_covered_display": "75", "missing_lines": 4, "excluded_lines": 0}, "missing_lines": [226, 227, 228, 229], "excluded_lines": []}, "": {"executed_lines": [1, 8, 9, 10, 11, 12, 13, 15, 16, 19, 53, 61, 73, 113, 203], "summary": {"covered_lines": 14, "num_statements": 14, "percent_covered": 100.0, "percent_covered_display": "100", "missing_lines": 0, "excluded_lines": 0}, "missing_lines": [], "excluded_lines": []}}, "classes": {"": {"executed_lines": [1, 8, 9, 10, 11, 12, 13, 15, 16, 19, 28, 29, 32, 33, 34, 35, 36, 37, 38, 39, 43, 44, 45, 46, 47, 48, 49, 50, 53, 58, 61, 68, 69, 70, 73, 88, 89, 90, 91, 93, 94, 95, 96, 101, 102, 103, 104, 106, 107, 108, 110, 113, 132, 133, 136, 170, 171, 172, 173, 174, 175, 176, 177, 178, 179, 180, 181, 182, 185, 186, 187, 193, 194, 198, 200, 203, 221, 222, 225, 236, 237, 238, 239, 240, 244, 245, 247, 249], "summary": {"covered_lines": 87, "num_statements": 109, "percent_covered": 79.81651376146789, "percent_covered_display": "80", "missing_lines": 22, "excluded_lines": 0}, "missing_lines": [40, 41, 137, 138, 139, 142, 143, 145, 146, 151, 152, 159, 160, 162, 163, 164, 165, 184, 226, 227, 228, 229], "excluded_lines": []}}}, "muc_one_up/cli/haplotypes.py": {"executed_lines": [1, 7, 8, 11, 29, 30, 33, 40, 41], "summary": {"covered_lines": 8, "num_statements": 10, "percent_covered": 80.0, "percent_covered_display": "80", "missing_lines": 2, "excluded_lines": 0}, "missing_lines": [31, 39], "excluded_lines": [], "functions": {"generate_haplotypes": {"executed_lines": [29, 30, 33, 40, 41], "summary": {"covered_lines": 5, "num_statements": 7, "percent_covered": 71.42857142857143, "percent_covered_display": "71", "missing_lines": 2, "excluded_lines": 0}, "missing_lines": [31, 39], "excluded_lines": []}, "": {"executed_lines": [1, 7, 8, 11], "summary": {"covered_lines": 3, "num_statements": 3, "percent_covered": 100.0, "percent_covered_display": "100", "missing_lines": 0, "excluded_lines": 0}, "missing_lines": [], "excluded_lines": []}}, "classes": {"": {"executed_lines": [1, 7, 8, 11, 29, 30, 33, 40, 41], "summary": {"covered_lines": 8, "num_statements": 10, "percent_covered": 80.0, "percent_covered_display": "80", "missing_lines": 2, "excluded_lines": 0}, "missing_lines": [31, 39], "excluded_lines": []}}}, "muc_one_up/cli/mutations.py": {"executed_lines": [1, 7, 8, 10, 11, 14, 29, 30, 31, 32, 33, 34, 35, 36, 37, 40, 41, 42, 43, 46, 63, 64, 69, 70, 71, 73, 74, 75, 76, 77, 79, 80, 85, 88, 111, 112, 113, 115, 116, 118, 120, 122, 124, 125, 127, 129, 130, 136, 137, 138, 139, 142, 143, 145, 147, 148, 154, 155, 156, 157], "summary": {"covered_lines": 59, "num_statements": 60, "percent_covered": 98.33333333333333, "percent_covered_display": "98", "missing_lines": 1, "excluded_lines": 0}, "missing_lines": [39], "excluded_lines": [], "functions": {"parse_mutation_targets": {"executed_lines": [29, 30, 31, 32, 33, 34, 35, 36, 37, 40, 41, 42, 43], "summary": {"covered_lines": 13, "num_statements": 14, "percent_covered": 92.85714285714286, "percent_covered_display": "93", "missing_lines": 1, "excluded_lines": 0}, "missing_lines": [39], "excluded_lines": []}, "find_random_mutation_target": {"executed_lines": [63, 64, 69, 70, 71, 73, 74, 75, 76, 77, 79, 80, 85], "summary": {"covered_lines": 13, "num_statements": 13, "percent_covered": 100.0, "percent_covered_display": "100", "missing_lines": 0, "excluded_lines": 0}, "missing_lines": [], "excluded_lines": []}, "apply_mutation_pipeline": {"executed_lines": [111, 112, 113, 115, 116, 118, 120, 122, 124, 125, 127, 129, 130, 136, 137, 138, 139, 142, 143, 145, 147, 148, 154, 155, 156, 157], "summary": {"covered_lines": 26, "num_statements": 26, "percent_covered": 100.0, "percent_covered_display": "100", "missing_lines": 0, "excluded_lines": 0}, "missing_lines": [], "excluded_lines": []}, "": {"executed_lines": [1, 7, 8, 10, 11, 14, 46, 88], "summary": {"covered_lines": 7, "num_statements": 7, "percent_covered": 100.0, "percent_covered_display": "100", "missing_lines": 0, "excluded_lines": 0}, "missing_lines": [], "excluded_lines": []}}, "classes": {"": {"executed_lines": [1, 7, 8, 10, 11, 14, 29, 30, 31, 32, 33, 34, 35, 36, 37, 40, 41, 42, 43, 46, 63, 64, 69, 70, 71, 73, 74, 75, 76, 77, 79, 80, 85, 88, 111, 112, 113, 115, 116, 118, 120, 122, 124, 125, 127, 129, 130, 136, 137, 138, 139, 142, 143, 145, 147, 148, 154, 155, 156, 157], "summary": {"covered_lines": 59, "num_statements": 60, "percent_covered": 98.33333333333333, "percent_covered_display": "98", "missing_lines": 1, "excluded_lines": 0}, "missing_lines": [39], "excluded_lines": []}}}, "muc_one_up/cli/orchestration.py": {"executed_lines": [1, 7, 8, 10, 15, 16, 17, 24, 41, 44], "summary": {"covered_lines": 9, "num_statements": 18, "percent_covered": 50.0, "percent_covered_display": "50", "missing_lines": 9, "excluded_lines": 0}, "missing_lines": [45, 48, 53, 68, 71, 85, 90, 93, 94], "excluded_lines": [], "functions": {"run_single_simulation_iteration": {"executed_lines": [41, 44], "summary": {"covered_lines": 2, "num_statements": 11, "percent_covered": 18.181818181818183, "percent_covered_display": "18", "missing_lines": 9, "excluded_lines": 0}, "missing_lines": [45, 48, 53, 68, 71, 85, 90, 93, 94], "excluded_lines": []}, "": {"executed_lines": [1, 7, 8, 10, 15, 16, 17, 24], "summary": {"covered_lines": 7, "num_statements": 7, "percent_covered": 100.0, "percent_covered_display": "100", "missing_lines": 0, "excluded_lines": 0}, "missing_lines": [], "excluded_lines": []}}, "classes": {"": {"executed_lines": [1, 7, 8, 10, 15, 16, 17, 24, 41, 44], "summary": {"covered_lines": 9, "num_statements": 18, "percent_covered": 50.0, "percent_covered_display": "50", "missing_lines": 9, "excluded_lines": 0}, "missing_lines": [45, 48, 53, 68, 71, 85, 90, 93, 94], "excluded_lines": []}}}, "muc_one_up/cli/outputs.py": {"executed_lines": [1, 7, 8, 10, 11, 12, 13, 16, 34, 35, 38, 40, 42, 43, 47, 52, 55, 60, 62, 63, 64, 66, 68, 70, 72, 73, 78, 80, 81, 82, 83, 84, 85, 86, 87, 88, 90, 91, 92, 97, 99, 105, 107, 108, 109, 112, 114, 115, 116, 119, 120, 121, 122, 123, 124, 125, 126, 129, 142, 143, 145, 146, 149, 152, 153, 154, 155, 156, 157, 159, 160, 163, 164, 165, 166, 168, 169, 170, 172, 173, 174, 175, 176, 179, 180, 181, 185, 189, 190, 191, 193, 194, 195], "summary": {"covered_lines": 92, "num_statements": 92, "percent_covered": 100.0, "percent_covered_display": "100", "missing_lines": 0, "excluded_lines": 0}, "missing_lines": [], "excluded_lines": [], "functions": {"write_fasta_outputs": {"executed_lines": [34, 35, 38, 40, 42, 43, 47, 52, 55, 60, 62, 63, 64, 66, 68, 70, 72, 73, 78, 80, 81, 82, 83, 84, 85, 86, 87, 88, 90, 91, 92, 97, 99, 105, 107, 108, 109], "summary": {"covered_lines": 37, "num_statements": 37, "percent_covered": 100.0, "percent_covered_display": "100", "missing_lines": 0, "excluded_lines": 0}, "missing_lines": [], "excluded_lines": []}, "write_mutated_units": {"executed_lines": [114, 115, 116, 119, 120, 121, 122, 123, 124, 125, 126], "summary": {"covered_lines": 11, "num_statements": 11, "percent_covered": 100.0, "percent_covered_display": "100", "missing_lines": 0, "excluded_lines": 0}, "missing_lines": [], "excluded_lines": []}, "write_structure_files": {"executed_lines": [142, 143, 145, 146, 149, 152, 153, 154, 155, 156, 157, 159, 160, 163, 164, 165, 166, 168, 169, 170, 172, 173, 174, 175, 176, 179, 180, 181, 185, 189, 190, 191, 193, 194, 195], "summary": {"covered_lines": 35, "num_statements": 35, "percent_covered": 100.0, "percent_covered_display": "100", "missing_lines": 0, "excluded_lines": 0}, "missing_lines": [], "excluded_lines": []}, "": {"executed_lines": [1, 7, 8, 10, 11, 12, 13, 16, 112, 129], "summary": {"covered_lines": 9, "num_statements": 9, "percent_covered": 100.0, "percent_covered_display": "100", "missing_lines": 0, "excluded_lines": 0}, "missing_lines": [], "excluded_lines": []}}, "classes": {"": {"executed_lines": [1, 7, 8, 10, 11, 12, 13, 16, 34, 35, 38, 40, 42, 43, 47, 52, 55, 60, 62, 63, 64, 66, 68, 70, 72, 73, 78, 80, 81, 82, 83, 84, 85, 86, 87, 88, 90, 91, 92, 97, 99, 105, 107, 108, 109, 112, 114, 115, 116, 119, 120, 121, 122, 123, 124, 125, 126, 129, 142, 143, 145, 146, 149, 152, 153, 154, 155, 156, 157, 159, 160, 163, 164, 165, 166, 168, 169, 170, 172, 173, 174, 175, 176, 179, 180, 181, 185, 189, 190, 191, 193, 194, 195], "summary": {"covered_lines": 92, "num_statements": 92, "percent_covered": 100.0, "percent_covered_display": "100", "missing_lines": 0, "excluded_lines": 0}, "missing_lines": [], "excluded_lines": []}}}, "muc_one_up/cli/snps.py": {"executed_lines": [1, 8, 9, 11, 12, 21, 46, 47, 48, 50, 53, 54, 55, 56, 57, 58, 62, 64, 65, 66, 67, 70, 73, 80, 81, 84, 85, 86, 89, 90, 93, 94, 99, 100, 102, 104], "summary": {"covered_lines": 35, "num_statements": 35, "percent_covered": 100.0, "percent_covered_display": "100", "missing_lines": 0, "excluded_lines": 0}, "missing_lines": [], "excluded_lines": [], "functions": {"integrate_snps_unified": {"executed_lines": [46, 47, 48, 50, 53, 54, 55, 56, 57, 58, 62, 64, 65, 66, 67, 70, 73, 80, 81, 84, 85, 86, 89, 90, 93, 94, 99, 100, 102, 104], "summary": {"covered_lines": 30, "num_statements": 30, "percent_covered": 100.0, "percent_covered_display": "100", "missing_lines": 0, "excluded_lines": 0}, "missing_lines": [], "excluded_lines": []}, "": {"executed_lines": [1, 8, 9, 11, 12, 21], "summary": {"covered_lines": 5, "num_statements": 5, "percent_covered": 100.0, "percent_covered_display": "100", "missing_lines": 0, "excluded_lines": 0}, "missing_lines": [], "excluded_lines": []}}, "classes": {"": {"executed_lines": [1, 8, 9, 11, 12, 21, 46, 47, 48, 50, 53, 54, 55, 56, 57, 58, 62, 64, 65, 66, 67, 70, 73, 80, 81, 84, 85, 86, 89, 90, 93, 94, 99, 100, 102, 104], "summary": {"covered_lines": 35, "num_statements": 35, "percent_covered": 100.0, "percent_covered_display": "100", "missing_lines": 0, "excluded_lines": 0}, "missing_lines": [], "excluded_lines": []}}}, "muc_one_up/config.py": {"executed_lines": [3, 4, 5, 6, 8, 11, 162, 172, 176, 177, 179, 181, 182, 185, 192, 194, 195, 196, 199, 200, 201, 217], "summary": {"covered_lines": 22, "num_statements": 33, "percent_covered": 66.66666666666667, "percent_covered_display": "67", "missing_lines": 11, "excluded_lines": 0}, "missing_lines": [173, 174, 202, 203, 205, 206, 211, 212, 213, 214, 215], "excluded_lines": [], "functions": {"load_config": {"executed_lines": [172, 176, 177, 179, 181, 182, 185, 192, 194, 195, 196, 199, 200, 201, 217], "summary": {"covered_lines": 15, "num_statements": 26, "percent_covered": 57.69230769230769, "percent_covered_display": "58", "missing_lines": 11, "excluded_lines": 0}, "missing_lines": [173, 174, 202, 203, 205, 206, 211, 212, 213, 214, 215], "excluded_lines": []}, "": {"executed_lines": [3, 4, 5, 6, 8, 11, 162], "summary": {"covered_lines": 7, "num_statements": 7, "percent_covered": 100.0, "percent_covered_display": "100", "missing_lines": 0, "excluded_lines": 0}, "missing_lines": [], "excluded_lines": []}}, "classes": {"": {"executed_lines": [3, 4, 5, 6, 8, 11, 162, 172, 176, 177, 179, 181, 182, 185, 192, 194, 195, 196, 199, 200, 201, 217], "summary": {"covered_lines": 22, "num_statements": 33, "percent_covered": 66.66666666666667, "percent_covered_display": "67", "missing_lines": 11, "excluded_lines": 0}, "missing_lines": [173, 174, 202, 203, 205, 206, 211, 212, 213, 214, 215], "excluded_lines": []}}}, "muc_one_up/distribution.py": {"executed_lines": [3, 4, 6, 9, 34, 35, 36, 37, 39, 40, 41, 42, 43, 44, 46, 47], "summary": {"covered_lines": 16, "num_statements": 16, "percent_covered": 100.0, "percent_covered_display": "100", "missing_lines": 0, "excluded_lines": 0}, "missing_lines": [], "excluded_lines": [], "functions": {"sample_repeat_count": {"executed_lines": [34, 35, 36, 37, 39, 40, 41, 42, 43, 44, 46, 47], "summary": {"covered_lines": 12, "num_statements": 12, "percent_covered": 100.0, "percent_covered_display": "100", "missing_lines": 0, "excluded_lines": 0}, "missing_lines": [], "excluded_lines": []}, "": {"executed_lines": [3, 4, 6, 9], "summary": {"covered_lines": 4, "num_statements": 4, "percent_covered": 100.0, "percent_covered_display": "100", "missing_lines": 0, "excluded_lines": 0}, "missing_lines": [], "excluded_lines": []}}, "classes": {"": {"executed_lines": [3, 4, 6, 9, 34, 35, 36, 37, 39, 40, 41, 42, 43, 44, 46, 47], "summary": {"covered_lines": 16, "num_statements": 16, "percent_covered": 100.0, "percent_covered_display": "100", "missing_lines": 0, "excluded_lines": 0}, "missing_lines": [], "excluded_lines": []}}}, "muc_one_up/exceptions.py": {"executed_lines": [1, 11, 12, 19, 20, 31, 32, 43, 44, 54, 55, 66, 67, 77, 78, 91, 108, 109, 110, 111, 112, 115, 116, 117, 118, 120, 121, 123, 126, 127, 138, 139], "summary": {"covered_lines": 22, "num_statements": 22, "percent_covered": 100.0, "percent_covered_display": "100", "missing_lines": 0, "excluded_lines": 0}, "missing_lines": [], "excluded_lines": [], "functions": {"ExternalToolError.__init__": {"executed_lines": [108, 109, 110, 111, 112, 115, 116, 117, 118, 120, 121, 123], "summary": {"covered_lines": 12, "num_statements": 12, "percent_covered": 100.0, "percent_covered_display": "100", "missing_lines": 0, "excluded_lines": 0}, "missing_lines": [], "excluded_lines": []}, "": {"executed_lines": [1, 11, 12, 19, 20, 31, 32, 43, 44, 54, 55, 66, 67, 77, 78, 91, 126, 127, 138, 139], "summary": {"covered_lines": 10, "num_statements": 10, "percent_covered": 100.0, "percent_covered_display": "100", "missing_lines": 0, "excluded_lines": 0}, "missing_lines": [], "excluded_lines": []}}, "classes": {"MucOneUpError": {"executed_lines": [], "summary": {"covered_lines": 0, "num_statements": 0, "percent_covered": 100.0, "percent_covered_display": "100", "missing_lines": 0, "excluded_lines": 0}, "missing_lines": [], "excluded_lines": []}, "ConfigurationError": {"executed_lines": [], "summary": {"covered_lines": 0, "num_statements": 0, "percent_covered": 100.0, "percent_covered_display": "100", "missing_lines": 0, "excluded_lines": 0}, "missing_lines": [], "excluded_lines": []}, "ValidationError": {"executed_lines": [], "summary": {"covered_lines": 0, "num_statements": 0, "percent_covered": 100.0, "percent_covered_display": "100", "missing_lines": 0, "excluded_lines": 0}, "missing_lines": [], "excluded_lines": []}, "SimulationError": {"executed_lines": [], "summary": {"covered_lines": 0, "num_statements": 0, "percent_covered": 100.0, "percent_covered_display": "100", "missing_lines": 0, "excluded_lines": 0}, "missing_lines": [], "excluded_lines": []}, "MutationError": {"executed_lines": [], "summary": {"covered_lines": 0, "num_statements": 0, "percent_covered": 100.0, "percent_covered_display": "100", "missing_lines": 0, "excluded_lines": 0}, "missing_lines": [], "excluded_lines": []}, "SNPIntegrationError": {"executed_lines": [], "summary": {"covered_lines": 0, "num_statements": 0, "percent_covered": 100.0, "percent_covered_display": "100", "missing_lines": 0, "excluded_lines": 0}, "missing_lines": [], "excluded_lines": []}, "ExternalToolError": {"executed_lines": [108, 109, 110, 111, 112, 115, 116, 117, 118, 120, 121, 123], "summary": {"covered_lines": 12, "num_statements": 12, "percent_covered": 100.0, "percent_covered_display": "100", "missing_lines": 0, "excluded_lines": 0}, "missing_lines": [], "excluded_lines": []}, "FileOperationError": {"executed_lines": [], "summary": {"covered_lines": 0, "num_statements": 0, "percent_covered": 100.0, "percent_covered_display": "100", "missing_lines": 0, "excluded_lines": 0}, "missing_lines": [], "excluded_lines": []}, "ReadSimulationError": {"executed_lines": [], "summary": {"covered_lines": 0, "num_statements": 0, "percent_covered": 100.0, "percent_covered_display": "100", "missing_lines": 0, "excluded_lines": 0}, "missing_lines": [], "excluded_lines": []}, "": {"executed_lines": [1, 11, 12, 19, 20, 31, 32, 43, 44, 54, 55, 66, 67, 77, 78, 91, 126, 127, 138, 139], "summary": {"covered_lines": 10, "num_statements": 10, "percent_covered": 100.0, "percent_covered_display": "100", "missing_lines": 0, "excluded_lines": 0}, "missing_lines": [], "excluded_lines": []}}}, "muc_one_up/fasta_writer.py": {"executed_lines": [3, 4, 7, 17, 18, 19, 20, 23, 24, 25, 26, 29, 30, 31, 32, 33, 34, 35], "summary": {"covered_lines": 18, "num_statements": 18, "percent_covered": 100.0, "percent_covered_display": "100", "missing_lines": 0, "excluded_lines": 0}, "missing_lines": [], "excluded_lines": [], "functions": {"write_fasta": {"executed_lines": [17, 18, 19, 20, 23, 24, 25, 26, 29, 30, 31, 32, 33, 34, 35], "summary": {"covered_lines": 15, "num_statements": 15, "percent_covered": 100.0, "percent_covered_display": "100", "missing_lines": 0, "excluded_lines": 0}, "missing_lines": [], "excluded_lines": []}, "": {"executed_lines": [3, 4, 7], "summary": {"covered_lines": 3, "num_statements": 3, "percent_covered": 100.0, "percent_covered_display": "100", "missing_lines": 0, "excluded_lines": 0}, "missing_lines": [], "excluded_lines": []}}, "classes": {"": {"executed_lines": [3, 4, 7, 17, 18, 19, 20, 23, 24, 25, 26, 29, 30, 31, 32, 33, 34, 35], "summary": {"covered_lines": 18, "num_statements": 18, "percent_covered": 100.0, "percent_covered_display": "100", "missing_lines": 0, "excluded_lines": 0}, "missing_lines": [], "excluded_lines": []}}}, "muc_one_up/io.py": {"executed_lines": [2, 10, 11, 12, 13, 14, 17, 37, 38, 39, 41, 43, 44, 46, 47, 48, 49, 50, 51, 52, 54, 57, 58, 59, 61, 62, 64, 66, 67, 69, 70, 71, 73, 74, 77, 80, 81, 82, 87, 88, 90, 91, 92, 94, 96, 97, 98, 99, 100, 101, 104, 116, 117, 119, 122, 124, 125, 126, 127, 128, 130, 132, 135, 136, 137, 139, 140, 141, 147], "summary": {"covered_lines": 68, "num_statements": 71, "percent_covered": 95.77464788732394, "percent_covered_display": "96", "missing_lines": 3, "excluded_lines": 0}, "missing_lines": [143, 144, 145], "excluded_lines": [], "functions": {"parse_vntr_structure_file": {"executed_lines": [37, 38, 39, 41, 43, 44, 46, 47, 48, 49, 50, 51, 52, 54, 57, 58, 59, 61, 62, 64, 66, 67, 69, 70, 71, 73, 74, 77, 80, 81, 82, 87, 88, 90, 91, 92, 94, 96, 97, 98, 99, 100, 101], "summary": {"covered_lines": 43, "num_statements": 43, "percent_covered": 100.0, "percent_covered_display": "100", "missing_lines": 0, "excluded_lines": 0}, "missing_lines": [], "excluded_lines": []}, "extract_mutation_info_from_comments": {"executed_lines": [116, 117, 119, 122, 124, 125, 126, 127, 128, 130, 132, 135, 136, 137, 139, 140, 141, 147], "summary": {"covered_lines": 18, "num_statements": 21, "percent_covered": 85.71428571428571, "percent_covered_display": "86", "missing_lines": 3, "excluded_lines": 0}, "missing_lines": [143, 144, 145], "excluded_lines": []}, "": {"executed_lines": [2, 10, 11, 12, 13, 14, 17, 104], "summary": {"covered_lines": 7, "num_statements": 7, "percent_covered": 100.0, "percent_covered_display": "100", "missing_lines": 0, "excluded_lines": 0}, "missing_lines": [], "excluded_lines": []}}, "classes": {"": {"executed_lines": [2, 10, 11, 12, 13, 14, 17, 37, 38, 39, 41, 43, 44, 46, 47, 48, 49, 50, 51, 52, 54, 57, 58, 59, 61, 62, 64, 66, 67, 69, 70, 71, 73, 74, 77, 80, 81, 82, 87, 88, 90, 91, 92, 94, 96, 97, 98, 99, 100, 101, 104, 116, 117, 119, 122, 124, 125, 126, 127, 128, 130, 132, 135, 136, 137, 139, 140, 141, 147], "summary": {"covered_lines": 68, "num_statements": 71, "percent_covered": 95.77464788732394, "percent_covered_display": "96", "missing_lines": 3, "excluded_lines": 0}, "missing_lines": [143, 144, 145], "excluded_lines": []}}}, "muc_one_up/mutate.py": {"executed_lines": [1, 2, 4, 15, 24, 25, 27, 28, 29, 30, 31, 36, 39, 59, 60, 62, 63, 65, 68, 69, 70, 71, 72, 75, 76, 78, 79, 84, 85, 86, 88, 89, 91, 93, 94, 96, 99, 100, 101, 102, 107, 108, 109, 117, 118, 126, 127, 128, 130, 133, 138, 139, 140, 148, 150, 153, 161, 162, 163, 164, 166, 167, 168, 169, 170, 172, 175, 195, 196, 197, 199, 200, 201, 202, 204, 205, 206, 207, 209, 210, 212, 213, 214, 215, 216, 218, 219, 222, 224, 227, 228, 230, 231, 232, 236, 237, 238, 242, 243, 244, 247, 248, 251, 252, 256, 258, 260, 262, 263, 264], "summary": {"covered_lines": 110, "num_statements": 115, "percent_covered": 95.65217391304348, "percent_covered_display": "96", "missing_lines": 5, "excluded_lines": 0}, "missing_lines": [171, 223, 225, 235, 241], "excluded_lines": [], "functions": {"validate_allowed_repeats": {"executed_lines": [24, 25, 27, 28, 29, 30, 31, 36], "summary": {"covered_lines": 8, "num_statements": 8, "percent_covered": 100.0, "percent_covered_display": "100", "missing_lines": 0, "excluded_lines": 0}, "missing_lines": [], "excluded_lines": []}, "apply_mutations": {"executed_lines": [59, 60, 62, 63, 65, 68, 69, 70, 71, 72, 75, 76, 78, 79, 84, 85, 86, 88, 89, 91, 93, 94, 96, 99, 100, 101, 102, 107, 108, 109, 117, 118, 126, 127, 128, 130, 133, 138, 139, 140, 148, 150], "summary": {"covered_lines": 42, "num_statements": 42, "percent_covered": 100.0, "percent_covered_display": "100", "missing_lines": 0, "excluded_lines": 0}, "missing_lines": [], "excluded_lines": []}, "rebuild_haplotype_sequence": {"executed_lines": [161, 162, 163, 164, 166, 167, 168, 169, 170, 172], "summary": {"covered_lines": 10, "num_statements": 11, "percent_covered": 90.9090909090909, "percent_covered_display": "91", "missing_lines": 1, "excluded_lines": 0}, "missing_lines": [171], "excluded_lines": []}, "apply_changes_to_repeat": {"executed_lines": [195, 196, 197, 199, 200, 201, 202, 204, 205, 206, 207, 209, 210, 212, 213, 214, 215, 216, 218, 219, 222, 224, 227, 228, 230, 231, 232, 236, 237, 238, 242, 243, 244, 247, 248, 251, 252, 256, 258, 260, 262, 263, 264], "summary": {"covered_lines": 43, "num_statements": 47, "percent_covered": 91.48936170212765, "percent_covered_display": "91", "missing_lines": 4, "excluded_lines": 0}, "missing_lines": [223, 225, 235, 241], "excluded_lines": []}, "": {"executed_lines": [1, 2, 4, 15, 39, 153, 175], "summary": {"covered_lines": 7, "num_statements": 7, "percent_covered": 100.0, "percent_covered_display": "100", "missing_lines": 0, "excluded_lines": 0}, "missing_lines": [], "excluded_lines": []}}, "classes": {"": {"executed_lines": [1, 2, 4, 15, 24, 25, 27, 28, 29, 30, 31, 36, 39, 59, 60, 62, 63, 65, 68, 69, 70, 71, 72, 75, 76, 78, 79, 84, 85, 86, 88, 89, 91, 93, 94, 96, 99, 100, 101, 102, 107, 108, 109, 117, 118, 126, 127, 128, 130, 133, 138, 139, 140, 148, 150, 153, 161, 162, 163, 164, 166, 167, 168, 169, 170, 172, 175, 195, 196, 197, 199, 200, 201, 202, 204, 205, 206, 207, 209, 210, 212, 213, 214, 215, 216, 218, 219, 222, 224, 227, 228, 230, 231, 232, 236, 237, 238, 242, 243, 244, 247, 248, 251, 252, 256, 258, 260, 262, 263, 264], "summary": {"covered_lines": 110, "num_statements": 115, "percent_covered": 95.65217391304348, "percent_covered_display": "96", "missing_lines": 5, "excluded_lines": 0}, "missing_lines": [171, 223, 225, 235, 241], "excluded_lines": []}}}, "muc_one_up/probabilities.py": {"executed_lines": [3, 4, 6, 9, 32, 33, 34, 36, 38, 39, 40, 42, 43, 44, 45, 46], "summary": {"covered_lines": 16, "num_statements": 16, "percent_covered": 100.0, "percent_covered_display": "100", "missing_lines": 0, "excluded_lines": 0}, "missing_lines": [], "excluded_lines": [], "functions": {"pick_next_repeat": {"executed_lines": [32, 33, 34, 36, 38, 39, 40, 42, 43, 44, 45, 46], "summary": {"covered_lines": 12, "num_statements": 12, "percent_covered": 100.0, "percent_covered_display": "100", "missing_lines": 0, "excluded_lines": 0}, "missing_lines": [], "excluded_lines": []}, "": {"executed_lines": [3, 4, 6, 9], "summary": {"covered_lines": 4, "num_statements": 4, "percent_covered": 100.0, "percent_covered_display": "100", "missing_lines": 0, "excluded_lines": 0}, "missing_lines": [], "excluded_lines": []}}, "classes": {"": {"executed_lines": [3, 4, 6, 9, 32, 33, 34, 36, 38, 39, 40, 42, 43, 44, 45, 46], "summary": {"covered_lines": 16, "num_statements": 16, "percent_covered": 100.0, "percent_covered_display": "100", "missing_lines": 0, "excluded_lines": 0}, "missing_lines": [], "excluded_lines": []}}}, "muc_one_up/read_simulation.py": {"executed_lines": [2, 45, 46, 47, 49, 52, 57, 60, 80, 82, 93, 94, 97], "summary": {"covered_lines": 11, "num_statements": 16, "percent_covered": 68.75, "percent_covered_display": "69", "missing_lines": 5, "excluded_lines": 11}, "missing_lines": [83, 85, 86, 87, 91], "excluded_lines": [97, 98, 99, 101, 102, 103, 104, 105, 106, 107, 108], "functions": {"simulate_reads": {"executed_lines": [80, 82, 93, 94], "summary": {"covered_lines": 4, "num_statements": 9, "percent_covered": 44.44444444444444, "percent_covered_display": "44", "missing_lines": 5, "excluded_lines": 0}, "missing_lines": [83, 85, 86, 87, 91], "excluded_lines": []}, "": {"executed_lines": [2, 45, 46, 47, 49, 52, 57, 60, 97], "summary": {"covered_lines": 7, "num_statements": 7, "percent_covered": 100.0, "percent_covered_display": "100", "missing_lines": 0, "excluded_lines": 11}, "missing_lines": [], "excluded_lines": [97, 98, 99, 101, 102, 103, 104, 105, 106, 107, 108]}}, "classes": {"": {"executed_lines": [2, 45, 46, 47, 49, 52, 57, 60, 80, 82, 93, 94, 97], "summary": {"covered_lines": 11, "num_statements": 16, "percent_covered": 68.75, "percent_covered_display": "69", "missing_lines": 5, "excluded_lines": 11}, "missing_lines": [83, 85, 86, 87, 91], "excluded_lines": [97, 98, 99, 101, 102, 103, 104, 105, 106, 107, 108]}}}, "muc_one_up/read_simulator/__init__.py": {"executed_lines": [2, 10, 12], "summary": {"covered_lines": 2, "num_statements": 2, "percent_covered": 100.0, "percent_covered_display": "100", "missing_lines": 0, "excluded_lines": 0}, "missing_lines": [], "excluded_lines": [], "functions": {"": {"executed_lines": [2, 10, 12], "summary": {"covered_lines": 2, "num_statements": 2, "percent_covered": 100.0, "percent_covered_display": "100", "missing_lines": 0, "excluded_lines": 0}, "missing_lines": [], "excluded_lines": []}}, "classes": {"": {"executed_lines": [2, 10, 12], "summary": {"covered_lines": 2, "num_statements": 2, "percent_covered": 100.0, "percent_covered_display": "100", "missing_lines": 0, "excluded_lines": 0}, "missing_lines": [], "excluded_lines": []}}}, "muc_one_up/read_simulator/fragment_simulation.py": {"executed_lines": [2, 10, 11, 12, 15, 18, 32, 77, 147, 205, 226, 244, 279, 297], "summary": {"covered_lines": 13, "num_statements": 194, "percent_covered": 6.701030927835052, "percent_covered_display": "7", "missing_lines": 181, "excluded_lines": 0}, "missing_lines": [46, 47, 48, 50, 51, 52, 53, 54, 55, 56, 58, 59, 62, 63, 65, 68, 69, 70, 71, 72, 74, 94, 95, 96, 97, 98, 99, 101, 102, 103, 104, 105, 106, 108, 110, 111, 114, 115, 116, 117, 119, 120, 121, 122, 123, 125, 127, 128, 129, 131, 132, 135, 136, 137, 139, 140, 141, 142, 144, 162, 164, 165, 166, 167, 168, 169, 172, 178, 180, 181, 182, 183, 189, 190, 191, 192, 194, 195, 196, 197, 199, 200, 202, 220, 221, 223, 238, 239, 240, 241, 258, 261, 262, 265, 268, 271, 272, 273, 274, 276, 289, 290, 291, 292, 294, 325, 328, 329, 330, 331, 332, 333, 334, 337, 338, 339, 340, 343, 344, 345, 350, 351, 352, 353, 354, 355, 356, 358, 359, 360, 365, 366, 367, 369, 372, 375, 377, 380, 381, 384, 386, 389, 390, 393, 394, 395, 398, 399, 400, 404, 405, 406, 407, 410, 411, 412, 414, 416, 417, 418, 419, 423, 424, 425, 426, 427, 428, 429, 430, 431, 432, 435, 436, 438, 439, 440, 441, 444, 445, 446, 449], "excluded_lines": [], "functions": {"read_fasta_to_dict": {"executed_lines": [], "summary": {"covered_lines": 0, "num_statements": 21, "percent_covered": 0.0, "percent_covered_display": "0", "missing_lines": 21, "excluded_lines": 0}, "missing_lines": [46, 47, 48, 50, 51, 52, 53, 54, 55, 56, 58, 59, 62, 63, 65, 68, 69, 70, 71, 72, 74], "excluded_lines": []}, "read_syser_file": {"executed_lines": [], "summary": {"covered_lines": 0, "num_statements": 38, "percent_covered": 0.0, "percent_covered_display": "0", "missing_lines": 38, "excluded_lines": 0}, "missing_lines": [94, 95, 96, 97, 98, 99, 101, 102, 103, 104, 105, 106, 108, 110, 111, 114, 115, 116, 117, 119, 120, 121, 122, 123, 125, 127, 128, 129, 131, 132, 135, 136, 137, 139, 140, 141, 142, 144], "excluded_lines": []}, "read_psl_file": {"executed_lines": [], "summary": {"covered_lines": 0, "num_statements": 24, "percent_covered": 0.0, "percent_covered_display": "0", "missing_lines": 24, "excluded_lines": 0}, "missing_lines": [162, 164, 165, 166, 167, 168, 169, 172, 178, 180, 181, 182, 183, 189, 190, 191, 192, 194, 195, 196, 197, 199, 200, 202], "excluded_lines": []}, "pick_on_match": {"executed_lines": [], "summary": {"covered_lines": 0, "num_statements": 3, "percent_covered": 0.0, "percent_covered_display": "0", "missing_lines": 3, "excluded_lines": 0}, "missing_lines": [220, 221, 223], "excluded_lines": []}, "get_insert_length": {"executed_lines": [], "summary": {"covered_lines": 0, "num_statements": 4, "percent_covered": 0.0, "percent_covered_display": "0", "missing_lines": 4, "excluded_lines": 0}, "missing_lines": [238, 239, 240, 241], "excluded_lines": []}, "pick_fragment": {"executed_lines": [], "summary": {"covered_lines": 0, "num_statements": 10, "percent_covered": 0.0, "percent_covered_display": "0", "missing_lines": 10, "excluded_lines": 0}, "missing_lines": [258, 261, 262, 265, 268, 271, 272, 273, 274, 276], "excluded_lines": []}, "comp": {"executed_lines": [], "summary": {"covered_lines": 0, "num_statements": 5, "percent_covered": 0.0, "percent_covered_display": "0", "missing_lines": 5, "excluded_lines": 0}, "missing_lines": [289, 290, 291, 292, 294], "excluded_lines": []}, "simulate_fragments": {"executed_lines": [], "summary": {"covered_lines": 0, "num_statements": 73, "percent_covered": 0.0, "percent_covered_display": "0", "missing_lines": 73, "excluded_lines": 0}, "missing_lines": [325, 328, 329, 330, 331, 332, 333, 334, 337, 338, 339, 340, 343, 344, 345, 350, 351, 352, 353, 354, 355, 356, 358, 359, 360, 365, 366, 367, 369, 372, 375, 377, 380, 381, 384, 386, 389, 390, 393, 394, 395, 398, 399, 400, 404, 405, 406, 407, 410, 416, 417, 418, 419, 423, 424, 425, 426, 427, 428, 429, 430, 431, 432, 435, 436, 438, 439, 440, 441, 444, 445, 446, 449], "excluded_lines": []}, "simulate_fragments.fix_field": {"executed_lines": [], "summary": {"covered_lines": 0, "num_statements": 3, "percent_covered": 0.0, "percent_covered_display": "0", "missing_lines": 3, "excluded_lines": 0}, "missing_lines": [411, 412, 414], "excluded_lines": []}, "": {"executed_lines": [2, 10, 11, 12, 15, 18, 32, 77, 147, 205, 226, 244, 279, 297], "summary": {"covered_lines": 13, "num_statements": 13, "percent_covered": 100.0, "percent_covered_display": "100", "missing_lines": 0, "excluded_lines": 0}, "missing_lines": [], "excluded_lines": []}}, "classes": {"": {"executed_lines": [2, 10, 11, 12, 15, 18, 32, 77, 147, 205, 226, 244, 279, 297], "summary": {"covered_lines": 13, "num_statements": 194, "percent_covered": 6.701030927835052, "percent_covered_display": "7", "missing_lines": 181, "excluded_lines": 0}, "missing_lines": [46, 47, 48, 50, 51, 52, 53, 54, 55, 56, 58, 59, 62, 63, 65, 68, 69, 70, 71, 72, 74, 94, 95, 96, 97, 98, 99, 101, 102, 103, 104, 105, 106, 108, 110, 111, 114, 115, 116, 117, 119, 120, 121, 122, 123, 125, 127, 128, 129, 131, 132, 135, 136, 137, 139, 140, 141, 142, 144, 162, 164, 165, 166, 167, 168, 169, 172, 178, 180, 181, 182, 183, 189, 190, 191, 192, 194, 195, 196, 197, 199, 200, 202, 220, 221, 223, 238, 239, 240, 241, 258, 261, 262, 265, 268, 271, 272, 273, 274, 276, 289, 290, 291, 292, 294, 325, 328, 329, 330, 331, 332, 333, 334, 337, 338, 339, 340, 343, 344, 345, 350, 351, 352, 353, 354, 355, 356, 358, 359, 360, 365, 366, 367, 369, 372, 375, 377, 380, 381, 384, 386, 389, 390, 393, 394, 395, 398, 399, 400, 404, 405, 406, 407, 410, 411, 412, 414, 416, 417, 418, 419, 423, 424, 425, 426, 427, 428, 429, 430, 431, 432, 435, 436, 438, 439, 440, 441, 444, 445, 446, 449], "excluded_lines": []}}}, "muc_one_up/read_simulator/ont_pipeline.py": {"executed_lines": [2, 16, 17, 18, 19, 21, 27], "summary": {"covered_lines": 6, "num_statements": 59, "percent_covered": 10.169491525423728, "percent_covered_display": "10", "missing_lines": 53, "excluded_lines": 0}, "missing_lines": [62, 63, 69, 70, 71, 74, 75, 76, 78, 79, 80, 81, 82, 83, 86, 87, 89, 90, 91, 92, 95, 96, 97, 98, 101, 102, 103, 104, 107, 110, 111, 112, 123, 124, 125, 126, 129, 130, 133, 134, 136, 137, 145, 146, 147, 148, 151, 152, 153, 159, 160, 161, 163], "excluded_lines": [], "functions": {"simulate_ont_reads_pipeline": {"executed_lines": [], "summary": {"covered_lines": 0, "num_statements": 53, "percent_covered": 0.0, "percent_covered_display": "0", "missing_lines": 53, "excluded_lines": 0}, "missing_lines": [62, 63, 69, 70, 71, 74, 75, 76, 78, 79, 80, 81, 82, 83, 86, 87, 89, 90, 91, 92, 95, 96, 97, 98, 101, 102, 103, 104, 107, 110, 111, 112, 123, 124, 125, 126, 129, 130, 133, 134, 136, 137, 145, 146, 147, 148, 151, 152, 153, 159, 160, 161, 163], "excluded_lines": []}, "": {"executed_lines": [2, 16, 17, 18, 19, 21, 27], "summary": {"covered_lines": 6, "num_statements": 6, "percent_covered": 100.0, "percent_covered_display": "100", "missing_lines": 0, "excluded_lines": 0}, "missing_lines": [], "excluded_lines": []}}, "classes": {"": {"executed_lines": [2, 16, 17, 18, 19, 21, 27], "summary": {"covered_lines": 6, "num_statements": 59, "percent_covered": 10.169491525423728, "percent_covered_display": "10", "missing_lines": 53, "excluded_lines": 0}, "missing_lines": [62, 63, 69, 70, 71, 74, 75, 76, 78, 79, 80, 81, 82, 83, 86, 87, 89, 90, 91, 92, 95, 96, 97, 98, 101, 102, 103, 104, 107, 110, 111, 112, 123, 124, 125, 126, 129, 130, 133, 134, 136, 137, 145, 146, 147, 148, 151, 152, 153, 159, 160, 161, 163], "excluded_lines": []}}}, "muc_one_up/read_simulator/pipeline.py": {"executed_lines": [2, 23, 24, 25, 26, 29, 32, 35, 36, 39, 45, 52, 55, 96, 97, 103, 104, 107, 367], "summary": {"covered_lines": 17, "num_statements": 124, "percent_covered": 13.709677419354838, "percent_covered_display": "14", "missing_lines": 107, "excluded_lines": 12}, "missing_lines": [110, 111, 112, 115, 118, 119, 120, 123, 124, 125, 130, 131, 132, 135, 136, 137, 138, 139, 140, 141, 144, 145, 146, 150, 153, 154, 157, 158, 159, 160, 165, 166, 170, 175, 176, 177, 178, 181, 182, 183, 184, 185, 196, 197, 198, 199, 200, 201, 202, 203, 216, 217, 220, 221, 231, 232, 235, 236, 237, 238, 241, 242, 245, 246, 247, 248, 249, 250, 251, 252, 253, 254, 255, 259, 267, 268, 269, 270, 271, 274, 277, 285, 287, 288, 291, 292, 293, 294, 301, 304, 305, 315, 323, 325, 330, 333, 334, 335, 340, 341, 342, 345, 357, 358, 359, 361, 363], "excluded_lines": [367, 368, 369, 372, 374, 375, 376, 378, 379, 381, 382, 384], "functions": {"simulate_reads_pipeline": {"executed_lines": [96, 97, 103, 104, 107], "summary": {"covered_lines": 5, "num_statements": 112, "percent_covered": 4.464285714285714, "percent_covered_display": "4", "missing_lines": 107, "excluded_lines": 0}, "missing_lines": [110, 111, 112, 115, 118, 119, 120, 123, 124, 125, 130, 131, 132, 135, 136, 137, 138, 139, 140, 141, 144, 145, 146, 150, 153, 154, 157, 158, 159, 160, 165, 166, 170, 175, 176, 177, 178, 181, 182, 183, 184, 185, 196, 197, 198, 199, 200, 201, 202, 203, 216, 217, 220, 221, 231, 232, 235, 236, 237, 238, 241, 242, 245, 246, 247, 248, 249, 250, 251, 252, 253, 254, 255, 259, 267, 268, 269, 270, 271, 274, 277, 285, 287, 288, 291, 292, 293, 294, 301, 304, 305, 315, 323, 325, 330, 333, 334, 335, 340, 341, 342, 345, 357, 358, 359, 361, 363], "excluded_lines": []}, "": {"executed_lines": [2, 23, 24, 25, 26, 29, 32, 35, 36, 39, 45, 52, 55, 367], "summary": {"covered_lines": 12, "num_statements": 12, "percent_covered": 100.0, "percent_covered_display": "100", "missing_lines": 0, "excluded_lines": 12}, "missing_lines": [], "excluded_lines": [367, 368, 369, 372, 374, 375, 376, 378, 379, 381, 382, 384]}}, "classes": {"": {"executed_lines": [2, 23, 24, 25, 26, 29, 32, 35, 36, 39, 45, 52, 55, 96, 97, 103, 104, 107, 367], "summary": {"covered_lines": 17, "num_statements": 124, "percent_covered": 13.709677419354838, "percent_covered_display": "14", "missing_lines": 107, "excluded_lines": 12}, "missing_lines": [110, 111, 112, 115, 118, 119, 120, 123, 124, 125, 130, 131, 132, 135, 136, 137, 138, 139, 140, 141, 144, 145, 146, 150, 153, 154, 157, 158, 159, 160, 165, 166, 170, 175, 176, 177, 178, 181, 182, 183, 184, 185, 196, 197, 198, 199, 200, 201, 202, 203, 216, 217, 220, 221, 231, 232, 235, 236, 237, 238, 241, 242, 245, 246, 247, 248, 249, 250, 251, 252, 253, 254, 255, 259, 267, 268, 269, 270, 271, 274, 277, 285, 287, 288, 291, 292, 293, 294, 301, 304, 305, 315, 323, 325, 330, 333, 334, 335, 340, 341, 342, 345, 357, 358, 359, 361, 363], "excluded_lines": [367, 368, 369, 372, 374, 375, 376, 378, 379, 381, 382, 384]}}}, "muc_one_up/read_simulator/utils.py": {"executed_lines": [2, 9, 10, 11, 12, 13, 14, 15, 17, 20, 120, 138, 152, 161, 162, 163, 200], "summary": {"covered_lines": 16, "num_statements": 88, "percent_covered": 18.181818181818183, "percent_covered_display": "18", "missing_lines": 72, "excluded_lines": 0}, "missing_lines": [42, 43, 44, 45, 46, 48, 49, 58, 59, 61, 64, 65, 66, 67, 69, 72, 73, 74, 75, 76, 78, 79, 82, 84, 85, 89, 90, 92, 93, 94, 95, 96, 97, 98, 99, 100, 101, 102, 104, 106, 107, 109, 114, 117, 132, 133, 135, 166, 168, 169, 172, 175, 176, 177, 179, 180, 181, 185, 187, 188, 193, 194, 195, 207, 208, 209, 210, 211, 212, 213, 214, 215], "excluded_lines": [], "functions": {"run_command": {"executed_lines": [], "summary": {"covered_lines": 0, "num_statements": 32, "percent_covered": 0.0, "percent_covered_display": "0", "missing_lines": 32, "excluded_lines": 0}, "missing_lines": [42, 43, 44, 45, 46, 48, 49, 58, 59, 61, 82, 84, 85, 89, 90, 92, 93, 94, 95, 96, 97, 98, 99, 100, 101, 102, 104, 106, 107, 109, 114, 117], "excluded_lines": []}, "run_command.log_stream": {"executed_lines": [], "summary": {"covered_lines": 0, "num_statements": 12, "percent_covered": 0.0, "percent_covered_display": "0", "missing_lines": 12, "excluded_lines": 0}, "missing_lines": [64, 65, 66, 67, 69, 72, 73, 74, 75, 76, 78, 79], "excluded_lines": []}, "fix_field": {"executed_lines": [], "summary": {"covered_lines": 0, "num_statements": 3, "percent_covered": 0.0, "percent_covered_display": "0", "missing_lines": 3, "excluded_lines": 0}, "missing_lines": [132, 133, 135], "excluded_lines": []}, "check_external_tools": {"executed_lines": [152, 161, 162, 163], "summary": {"covered_lines": 4, "num_statements": 20, "percent_covered": 20.0, "percent_covered_display": "20", "missing_lines": 16, "excluded_lines": 0}, "missing_lines": [166, 168, 169, 172, 175, 176, 177, 179, 180, 181, 185, 187, 188, 193, 194, 195], "excluded_lines": []}, "cleanup_files": {"executed_lines": [], "summary": {"covered_lines": 0, "num_statements": 9, "percent_covered": 0.0, "percent_covered_display": "0", "missing_lines": 9, "excluded_lines": 0}, "missing_lines": [207, 208, 209, 210, 211, 212, 213, 214, 215], "excluded_lines": []}, "": {"executed_lines": [2, 9, 10, 11, 12, 13, 14, 15, 17, 20, 120, 138, 200], "summary": {"covered_lines": 12, "num_statements": 12, "percent_covered": 100.0, "percent_covered_display": "100", "missing_lines": 0, "excluded_lines": 0}, "missing_lines": [], "excluded_lines": []}}, "classes": {"": {"executed_lines": [2, 9, 10, 11, 12, 13, 14, 15, 17, 20, 120, 138, 152, 161, 162, 163, 200], "summary": {"covered_lines": 16, "num_statements": 88, "percent_covered": 18.181818181818183, "percent_covered_display": "18", "missing_lines": 72, "excluded_lines": 0}, "missing_lines": [42, 43, 44, 45, 46, 48, 49, 58, 59, 61, 64, 65, 66, 67, 69, 72, 73, 74, 75, 76, 78, 79, 82, 84, 85, 89, 90, 92, 93, 94, 95, 96, 97, 98, 99, 100, 101, 102, 104, 106, 107, 109, 114, 117, 132, 133, 135, 166, 168, 169, 172, 175, 176, 177, 179, 180, 181, 185, 187, 188, 193, 194, 195, 207, 208, 209, 210, 211, 212, 213, 214, 215], "excluded_lines": []}}}, "muc_one_up/read_simulator/wrappers/__init__.py": {"executed_lines": [1], "summary": {"covered_lines": 0, "num_statements": 0, "percent_covered": 100.0, "percent_covered_display": "100", "missing_lines": 0, "excluded_lines": 0}, "missing_lines": [], "excluded_lines": [], "functions": {"": {"executed_lines": [1], "summary": {"covered_lines": 0, "num_statements": 0, "percent_covered": 100.0, "percent_covered_display": "100", "missing_lines": 0, "excluded_lines": 0}, "missing_lines": [], "excluded_lines": []}}, "classes": {"": {"executed_lines": [1], "summary": {"covered_lines": 0, "num_statements": 0, "percent_covered": 100.0, "percent_covered_display": "100", "missing_lines": 0, "excluded_lines": 0}, "missing_lines": [], "excluded_lines": []}}}, "muc_one_up/read_simulator/wrappers/bwa_wrapper.py": {"executed_lines": [2, 9, 10, 11, 13, 16, 40, 41, 42, 45, 46, 47, 50, 54, 56, 58, 59, 62, 64, 65, 70, 71, 74, 75, 78, 79, 82, 89, 90, 95, 102, 104, 115, 116, 123, 133, 134, 135, 136, 138, 139, 154, 156, 157, 158, 159, 177, 178, 179, 180, 183, 184, 185, 186, 187, 191], "summary": {"covered_lines": 55, "num_statements": 70, "percent_covered": 78.57142857142857, "percent_covered_display": "79", "missing_lines": 15, "excluded_lines": 0}, "missing_lines": [106, 107, 108, 109, 110, 137, 145, 146, 160, 161, 162, 168, 169, 188, 189], "excluded_lines": [], "functions": {"align_reads": {"executed_lines": [40, 41, 42, 45, 46, 47, 50, 54, 56, 58, 59, 62, 64, 65, 70, 71, 74, 75, 78, 79, 82, 89, 90, 95, 102, 104, 115, 116, 123, 133, 134, 135, 136, 138, 139, 154, 156, 157, 158, 159, 177, 178, 179, 180, 183, 184, 185, 186, 187, 191], "summary": {"covered_lines": 50, "num_statements": 65, "percent_covered": 76.92307692307692, "percent_covered_display": "77", "missing_lines": 15, "excluded_lines": 0}, "missing_lines": [106, 107, 108, 109, 110, 137, 145, 146, 160, 161, 162, 168, 169, 188, 189], "excluded_lines": []}, "": {"executed_lines": [2, 9, 10, 11, 13, 16], "summary": {"covered_lines": 5, "num_statements": 5, "percent_covered": 100.0, "percent_covered_display": "100", "missing_lines": 0, "excluded_lines": 0}, "missing_lines": [], "excluded_lines": []}}, "classes": {"": {"executed_lines": [2, 9, 10, 11, 13, 16, 40, 41, 42, 45, 46, 47, 50, 54, 56, 58, 59, 62, 64, 65, 70, 71, 74, 75, 78, 79, 82, 89, 90, 95, 102, 104, 115, 116, 123, 133, 134, 135, 136, 138, 139, 154, 156, 157, 158, 159, 177, 178, 179, 180, 183, 184, 185, 186, 187, 191], "summary": {"covered_lines": 55, "num_statements": 70, "percent_covered": 78.57142857142857, "percent_covered_display": "79", "missing_lines": 15, "excluded_lines": 0}, "missing_lines": [106, 107, 108, 109, 110, 137, 145, 146, 160, 161, 162, 168, 169, 188, 189], "excluded_lines": []}}}, "muc_one_up/read_simulator/wrappers/nanosim_wrapper.py": {"executed_lines": [2, 10, 11, 12, 13, 14, 16, 17, 20, 140], "summary": {"covered_lines": 9, "num_statements": 94, "percent_covered": 9.574468085106384, "percent_covered_display": "10", "missing_lines": 85, "excluded_lines": 0}, "missing_lines": [54, 55, 56, 61, 64, 66, 69, 86, 87, 88, 89, 90, 91, 92, 93, 95, 98, 100, 103, 113, 115, 117, 118, 119, 121, 122, 123, 125, 126, 128, 130, 131, 132, 133, 137, 168, 171, 172, 174, 177, 179, 181, 184, 195, 198, 199, 200, 208, 209, 210, 211, 212, 218, 219, 228, 230, 232, 235, 250, 253, 263, 265, 267, 270, 281, 284, 294, 296, 298, 301, 303, 306, 314, 315, 317, 319, 320, 321, 322, 326, 327, 328, 329, 330, 331], "excluded_lines": [], "functions": {"run_nanosim_simulation": {"executed_lines": [], "summary": {"covered_lines": 0, "num_statements": 35, "percent_covered": 0.0, "percent_covered_display": "0", "missing_lines": 35, "excluded_lines": 0}, "missing_lines": [54, 55, 56, 61, 64, 66, 69, 86, 87, 88, 89, 90, 91, 92, 93, 95, 98, 100, 103, 113, 115, 117, 118, 119, 121, 122, 123, 125, 126, 128, 130, 131, 132, 133, 137], "excluded_lines": []}, "align_ont_reads_with_minimap2": {"executed_lines": [], "summary": {"covered_lines": 0, "num_statements": 50, "percent_covered": 0.0, "percent_covered_display": "0", "missing_lines": 50, "excluded_lines": 0}, "missing_lines": [168, 171, 172, 174, 177, 179, 181, 184, 195, 198, 199, 200, 208, 209, 210, 211, 212, 218, 219, 228, 230, 232, 235, 250, 253, 263, 265, 267, 270, 281, 284, 294, 296, 298, 301, 303, 306, 314, 315, 317, 319, 320, 321, 322, 326, 327, 328, 329, 330, 331], "excluded_lines": []}, "": {"executed_lines": [2, 10, 11, 12, 13, 14, 16, 17, 20, 140], "summary": {"covered_lines": 9, "num_statements": 9, "percent_covered": 100.0, "percent_covered_display": "100", "missing_lines": 0, "excluded_lines": 0}, "missing_lines": [], "excluded_lines": []}}, "classes": {"": {"executed_lines": [2, 10, 11, 12, 13, 14, 16, 17, 20, 140], "summary": {"covered_lines": 9, "num_statements": 94, "percent_covered": 9.574468085106384, "percent_covered_display": "10", "missing_lines": 85, "excluded_lines": 0}, "missing_lines": [54, 55, 56, 61, 64, 66, 69, 86, 87, 88, 89, 90, 91, 92, 93, 95, 98, 100, 103, 113, 115, 117, 118, 119, 121, 122, 123, 125, 126, 128, 130, 131, 132, 133, 137, 168, 171, 172, 174, 177, 179, 181, 184, 195, 198, 199, 200, 208, 209, 210, 211, 212, 218, 219, 228, 230, 232, 235, 250, 253, 263, 265, 267, 270, 281, 284, 294, 296, 298, 301, 303, 306, 314, 315, 317, 319, 320, 321, 322, 326, 327, 328, 329, 330, 331], "excluded_lines": []}}}, "muc_one_up/read_simulator/wrappers/reseq_wrapper.py": {"executed_lines": [2, 11, 12, 14, 15, 18, 35, 73, 140], "summary": {"covered_lines": 8, "num_statements": 43, "percent_covered": 18.6046511627907, "percent_covered_display": "19", "missing_lines": 35, "excluded_lines": 0}, "missing_lines": [31, 32, 52, 63, 66, 67, 68, 99, 112, 115, 121, 123, 124, 125, 135, 152, 153, 159, 161, 162, 165, 167, 170, 171, 174, 177, 178, 180, 181, 184, 185, 187, 193, 194, 195], "excluded_lines": [], "functions": {"replace_Ns": {"executed_lines": [], "summary": {"covered_lines": 0, "num_statements": 2, "percent_covered": 0.0, "percent_covered_display": "0", "missing_lines": 2, "excluded_lines": 0}, "missing_lines": [31, 32], "excluded_lines": []}, "generate_systematic_errors": {"executed_lines": [], "summary": {"covered_lines": 0, "num_statements": 5, "percent_covered": 0.0, "percent_covered_display": "0", "missing_lines": 5, "excluded_lines": 0}, "missing_lines": [52, 63, 66, 67, 68], "excluded_lines": []}, "create_reads": {"executed_lines": [], "summary": {"covered_lines": 0, "num_statements": 8, "percent_covered": 0.0, "percent_covered_display": "0", "missing_lines": 8, "excluded_lines": 0}, "missing_lines": [99, 112, 115, 121, 123, 124, 125, 135], "excluded_lines": []}, "split_reads": {"executed_lines": [], "summary": {"covered_lines": 0, "num_statements": 20, "percent_covered": 0.0, "percent_covered_display": "0", "missing_lines": 20, "excluded_lines": 0}, "missing_lines": [152, 153, 159, 161, 162, 165, 167, 170, 171, 174, 177, 178, 180, 181, 184, 185, 187, 193, 194, 195], "excluded_lines": []}, "": {"executed_lines": [2, 11, 12, 14, 15, 18, 35, 73, 140], "summary": {"covered_lines": 8, "num_statements": 8, "percent_covered": 100.0, "percent_covered_display": "100", "missing_lines": 0, "excluded_lines": 0}, "missing_lines": [], "excluded_lines": []}}, "classes": {"": {"executed_lines": [2, 11, 12, 14, 15, 18, 35, 73, 140], "summary": {"covered_lines": 8, "num_statements": 43, "percent_covered": 18.6046511627907, "percent_covered_display": "19", "missing_lines": 35, "excluded_lines": 0}, "missing_lines": [31, 32, 52, 63, 66, 67, 68, 99, 112, 115, 121, 123, 124, 125, 135, 152, 153, 159, 161, 162, 165, 167, 170, 171, 174, 177, 178, 180, 181, 184, 185, 187, 193, 194, 195], "excluded_lines": []}}}, "muc_one_up/read_simulator/wrappers/samtools_wrapper.py": {"executed_lines": [2, 12, 13, 14, 16, 17, 20, 89, 178, 271, 361, 408], "summary": {"covered_lines": 11, "num_statements": 134, "percent_covered": 8.208955223880597, "percent_covered_display": "8", "missing_lines": 123, "excluded_lines": 0}, "missing_lines": [36, 37, 38, 41, 44, 51, 55, 57, 58, 59, 60, 63, 64, 65, 66, 72, 73, 81, 82, 86, 115, 119, 130, 131, 132, 133, 136, 137, 138, 139, 145, 146, 154, 155, 157, 158, 159, 160, 161, 162, 163, 164, 165, 168, 169, 170, 172, 173, 175, 204, 205, 208, 212, 223, 224, 225, 226, 229, 230, 231, 232, 238, 239, 247, 248, 250, 251, 252, 253, 254, 255, 256, 257, 258, 261, 262, 263, 265, 266, 268, 296, 299, 300, 313, 316, 317, 328, 331, 341, 344, 345, 348, 349, 350, 351, 352, 353, 354, 356, 384, 387, 399, 402, 403, 405, 432, 433, 435, 438, 445, 446, 448, 450, 453, 454, 455, 456, 457, 458, 461, 462, 463, 465], "excluded_lines": [], "functions": {"extract_subset_reference": {"executed_lines": [], "summary": {"covered_lines": 0, "num_statements": 20, "percent_covered": 0.0, "percent_covered_display": "0", "missing_lines": 20, "excluded_lines": 0}, "missing_lines": [36, 37, 38, 41, 44, 51, 55, 57, 58, 59, 60, 63, 64, 65, 66, 72, 73, 81, 82, 86], "excluded_lines": []}, "calculate_vntr_coverage": {"executed_lines": [], "summary": {"covered_lines": 0, "num_statements": 29, "percent_covered": 0.0, "percent_covered_display": "0", "missing_lines": 29, "excluded_lines": 0}, "missing_lines": [115, 119, 130, 131, 132, 133, 136, 137, 138, 139, 145, 146, 154, 155, 157, 158, 159, 160, 161, 162, 163, 164, 165, 168, 169, 170, 172, 173, 175], "excluded_lines": []}, "calculate_target_coverage": {"executed_lines": [], "summary": {"covered_lines": 0, "num_statements": 31, "percent_covered": 0.0, "percent_covered_display": "0", "missing_lines": 31, "excluded_lines": 0}, "missing_lines": [204, 205, 208, 212, 223, 224, 225, 226, 229, 230, 231, 232, 238, 239, 247, 248, 250, 251, 252, 253, 254, 255, 256, 257, 258, 261, 262, 263, 265, 266, 268], "excluded_lines": []}, "downsample_bam": {"executed_lines": [], "summary": {"covered_lines": 0, "num_statements": 19, "percent_covered": 0.0, "percent_covered_display": "0", "missing_lines": 19, "excluded_lines": 0}, "missing_lines": [296, 299, 300, 313, 316, 317, 328, 331, 341, 344, 345, 348, 349, 350, 351, 352, 353, 354, 356], "excluded_lines": []}, "downsample_entire_bam": {"executed_lines": [], "summary": {"covered_lines": 0, "num_statements": 6, "percent_covered": 0.0, "percent_covered_display": "0", "missing_lines": 6, "excluded_lines": 0}, "missing_lines": [384, 387, 399, 402, 403, 405], "excluded_lines": []}, "sort_and_index_bam": {"executed_lines": [], "summary": {"covered_lines": 0, "num_statements": 18, "percent_covered": 0.0, "percent_covered_display": "0", "missing_lines": 18, "excluded_lines": 0}, "missing_lines": [432, 433, 435, 438, 445, 446, 448, 450, 453, 454, 455, 456, 457, 458, 461, 462, 463, 465], "excluded_lines": []}, "": {"executed_lines": [2, 12, 13, 14, 16, 17, 20, 89, 178, 271, 361, 408], "summary": {"covered_lines": 11, "num_statements": 11, "percent_covered": 100.0, "percent_covered_display": "100", "missing_lines": 0, "excluded_lines": 0}, "missing_lines": [], "excluded_lines": []}}, "classes": {"": {"executed_lines": [2, 12, 13, 14, 16, 17, 20, 89, 178, 271, 361, 408], "summary": {"covered_lines": 11, "num_statements": 134, "percent_covered": 8.208955223880597, "percent_covered_display": "8", "missing_lines": 123, "excluded_lines": 0}, "missing_lines": [36, 37, 38, 41, 44, 51, 55, 57, 58, 59, 60, 63, 64, 65, 66, 72, 73, 81, 82, 86, 115, 119, 130, 131, 132, 133, 136, 137, 138, 139, 145, 146, 154, 155, 157, 158, 159, 160, 161, 162, 163, 164, 165, 168, 169, 170, 172, 173, 175, 204, 205, 208, 212, 223, 224, 225, 226, 229, 230, 231, 232, 238, 239, 247, 248, 250, 251, 252, 253, 254, 255, 256, 257, 258, 261, 262, 263, 265, 266, 268, 296, 299, 300, 313, 316, 317, 328, 331, 341, 344, 345, 348, 349, 350, 351, 352, 353, 354, 356, 384, 387, 399, 402, 403, 405, 432, 433, 435, 438, 445, 446, 448, 450, 453, 454, 455, 456, 457, 458, 461, 462, 463, 465], "excluded_lines": []}}}, "muc_one_up/read_simulator/wrappers/ucsc_tools_wrapper.py": {"executed_lines": [2, 10, 11, 13, 14, 17, 42], "summary": {"covered_lines": 6, "num_statements": 27, "percent_covered": 22.22222222222222, "percent_covered_display": "22", "missing_lines": 21, "excluded_lines": 0}, "missing_lines": [31, 32, 35, 36, 37, 69, 70, 71, 72, 74, 84, 85, 91, 93, 94, 95, 99, 102, 103, 104, 106], "excluded_lines": [], "functions": {"fa_to_twobit": {"executed_lines": [], "summary": {"covered_lines": 0, "num_statements": 5, "percent_covered": 0.0, "percent_covered_display": "0", "missing_lines": 5, "excluded_lines": 0}, "missing_lines": [31, 32, 35, 36, 37], "excluded_lines": []}, "run_pblat": {"executed_lines": [], "summary": {"covered_lines": 0, "num_statements": 16, "percent_covered": 0.0, "percent_covered_display": "0", "missing_lines": 16, "excluded_lines": 0}, "missing_lines": [69, 70, 71, 72, 74, 84, 85, 91, 93, 94, 95, 99, 102, 103, 104, 106], "excluded_lines": []}, "": {"executed_lines": [2, 10, 11, 13, 14, 17, 42], "summary": {"covered_lines": 6, "num_statements": 6, "percent_covered": 100.0, "percent_covered_display": "100", "missing_lines": 0, "excluded_lines": 0}, "missing_lines": [], "excluded_lines": []}}, "classes": {"": {"executed_lines": [2, 10, 11, 13, 14, 17, 42], "summary": {"covered_lines": 6, "num_statements": 27, "percent_covered": 22.22222222222222, "percent_covered_display": "22", "missing_lines": 21, "excluded_lines": 0}, "missing_lines": [31, 32, 35, 36, 37, 69, 70, 71, 72, 74, 84, 85, 91, 93, 94, 95, 99, 102, 103, 104, 106], "excluded_lines": []}}}, "muc_one_up/simulate.py": {"executed_lines": [3, 4, 6, 7, 18, 34, 35, 36, 38, 39, 40, 41, 42, 43, 45, 46, 47, 48, 51, 68, 69, 70, 71, 74, 77, 79, 80, 81, 83, 86, 88, 89, 92, 117, 119, 121, 124, 125, 127, 129, 131, 133, 134, 138, 140, 145, 148, 149, 151, 154, 177, 178, 179, 181, 182, 183, 184, 186, 187, 188, 189, 190, 193, 214, 215, 219, 220, 221, 222, 223, 225, 226, 227, 228, 229, 231, 232, 233, 234, 236, 258, 262, 263, 264, 265, 266, 268, 270, 271], "summary": {"covered_lines": 89, "num_statements": 107, "percent_covered": 83.17757009345794, "percent_covered_display": "83", "missing_lines": 18, "excluded_lines": 0}, "missing_lines": [237, 238, 239, 240, 241, 243, 244, 245, 247, 248, 249, 251, 252, 253, 255, 256, 259, 260], "excluded_lines": [], "functions": {"pick_next_symbol_no_end": {"executed_lines": [34, 35, 36, 38, 39, 40, 41, 42, 43, 45, 46, 47, 48], "summary": {"covered_lines": 13, "num_statements": 13, "percent_covered": 100.0, "percent_covered_display": "100", "missing_lines": 0, "excluded_lines": 0}, "missing_lines": [], "excluded_lines": []}, "assemble_haplotype_from_chain": {"executed_lines": [68, 69, 70, 71, 74, 77, 79, 80, 81, 83, 86, 88, 89], "summary": {"covered_lines": 13, "num_statements": 13, "percent_covered": 100.0, "percent_covered_display": "100", "missing_lines": 0, "excluded_lines": 0}, "missing_lines": [], "excluded_lines": []}, "simulate_from_chains": {"executed_lines": [117, 119, 121, 124, 125, 127, 129, 131, 133, 134, 138, 140, 145, 148, 149, 151], "summary": {"covered_lines": 16, "num_statements": 16, "percent_covered": 100.0, "percent_covered_display": "100", "missing_lines": 0, "excluded_lines": 0}, "missing_lines": [], "excluded_lines": []}, "simulate_diploid": {"executed_lines": [177, 178, 179, 181, 182, 183, 184, 186, 187, 188, 189, 1
[...]
d_display": "100", "missing_lines": 0, "excluded_lines": 0}, "missing_lines": [], "excluded_lines": []}, "generate_overall_stats": {"executed_lines": [194, 195, 196, 198, 215], "summary": {"covered_lines": 5, "num_statements": 5, "percent_covered": 100.0, "percent_covered_display": "100", "missing_lines": 0, "excluded_lines": 0}, "missing_lines": [], "excluded_lines": []}, "generate_simulation_statistics": {"executed_lines": [257, 258, 259, 262, 265, 288, 297], "summary": {"covered_lines": 7, "num_statements": 17, "percent_covered": 41.1764705882353, "percent_covered_display": "41", "missing_lines": 10, "excluded_lines": 0}, "missing_lines": [267, 268, 271, 272, 273, 278, 281, 284, 285, 286], "excluded_lines": []}, "write_statistics_report": {"executed_lines": [308, 309, 310, 311, 312, 313, 314], "summary": {"covered_lines": 7, "num_statements": 7, "percent_covered": 100.0, "percent_covered_display": "100", "missing_lines": 0, "excluded_lines": 0}, "missing_lines": [], "excluded_lines": []}, "": {"executed_lines": [2, 24, 25, 26, 27, 33, 50, 70, 90, 108, 132, 179, 222, 300, 320], "summary": {"covered_lines": 13, "num_statements": 13, "percent_covered": 100.0, "percent_covered_display": "100", "missing_lines": 0, "excluded_lines": 11}, "missing_lines": [], "excluded_lines": [320, 321, 324, 329, 335, 336, 337, 340, 341, 344, 352]}}, "classes": {"": {"executed_lines": [2, 24, 25, 26, 27, 33, 43, 44, 45, 46, 47, 50, 62, 63, 64, 65, 66, 67, 70, 81, 82, 83, 84, 85, 86, 87, 90, 101, 102, 103, 104, 105, 108, 121, 122, 123, 124, 125, 132, 154, 155, 156, 157, 158, 175, 176, 179, 194, 195, 196, 198, 215, 222, 257, 258, 259, 262, 265, 288, 297, 300, 308, 309, 310, 311, 312, 313, 314, 320], "summary": {"covered_lines": 67, "num_statements": 77, "percent_covered": 87.01298701298701, "percent_covered_display": "87", "missing_lines": 10, "excluded_lines": 11}, "missing_lines": [267, 268, 271, 272, 273, 278, 281, 284, 285, 286], "excluded_lines": [320, 321, 324, 329, 335, 336, 337, 340, 341, 344, 352]}}}, "muc_one_up/snp_integrator.py": {"executed_lines": [2, 20, 21, 22, 23, 26, 29, 50, 52, 53, 54, 56, 57, 58, 61, 62, 63, 68, 69, 70, 71, 75, 76, 77, 82, 83, 84, 89, 90, 91, 96, 97, 102, 104, 107, 116, 117, 118, 120, 121, 122, 123, 126, 139, 140, 142, 143, 144, 146, 147, 149, 151, 154, 174, 175, 178, 179, 184, 185, 186, 187, 188, 197, 200, 202, 203, 206, 207, 210, 212, 213, 214, 215, 217, 219, 225, 226, 231, 232, 235, 238, 247, 250, 251, 254, 258, 259, 261, 270, 273, 293, 294, 297, 300, 303, 305, 308, 314, 315, 318, 319, 323, 326, 327, 330, 331, 335, 338, 341, 342, 348, 350, 353, 364, 365, 366, 367, 371, 372, 376], "summary": {"covered_lines": 119, "num_statements": 132, "percent_covered": 90.15151515151516, "percent_covered_display": "90", "missing_lines": 13, "excluded_lines": 0}, "missing_lines": [189, 190, 192, 204, 220, 222, 240, 241, 255, 309, 312, 377, 378], "excluded_lines": [], "functions": {"parse_snp_file": {"executed_lines": [50, 52, 53, 54, 56, 57, 58, 61, 62, 63, 68, 69, 70, 71, 75, 76, 77, 82, 83, 84, 89, 90, 91, 96, 97, 102, 104, 107, 116, 117, 118, 120, 121, 122, 123], "summary": {"covered_lines": 35, "num_statements": 35, "percent_covered": 100.0, "percent_covered_display": "100", "missing_lines": 0, "excluded_lines": 0}, "missing_lines": [], "excluded_lines": []}, "get_vntr_boundaries": {"executed_lines": [139, 140, 142, 143, 144, 146, 147, 149, 151], "summary": {"covered_lines": 9, "num_statements": 9, "percent_covered": 100.0, "percent_covered_display": "100", "missing_lines": 0, "excluded_lines": 0}, "missing_lines": [], "excluded_lines": []}, "generate_random_snps": {"executed_lines": [174, 175, 178, 179, 184, 185, 186, 187, 188, 197, 200, 202, 203, 206, 207, 210, 212, 213, 214, 215, 217, 219, 225, 226, 231, 232, 235, 238, 247, 250, 251, 254, 258, 259, 261, 270], "summary": {"covered_lines": 36, "num_statements": 45, "percent_covered": 80.0, "percent_covered_display": "80", "missing_lines": 9, "excluded_lines": 0}, "missing_lines": [189, 190, 192, 204, 220, 222, 240, 241, 255], "excluded_lines": []}, "apply_snps_to_sequences": {"executed_lines": [293, 294, 297, 300, 303, 305, 308, 314, 315, 318, 319, 323, 326, 327, 330, 331, 335, 338, 341, 342, 348, 350], "summary": {"covered_lines": 22, "num_statements": 24, "percent_covered": 91.66666666666667, "percent_covered_display": "92", "missing_lines": 2, "excluded_lines": 0}, "missing_lines": [309, 312], "excluded_lines": []}, "write_snps_to_file": {"executed_lines": [364, 365, 366, 367, 371, 372, 376], "summary": {"covered_lines": 7, "num_statements": 9, "percent_covered": 77.77777777777777, "percent_covered_display": "78", "missing_lines": 2, "excluded_lines": 0}, "missing_lines": [377, 378], "excluded_lines": []}, "": {"executed_lines": [2, 20, 21, 22, 23, 26, 29, 126, 154, 273, 353], "summary": {"covered_lines": 10, "num_statements": 10, "percent_covered": 100.0, "percent_covered_display": "100", "missing_lines": 0, "excluded_lines": 0}, "missing_lines": [], "excluded_lines": []}}, "classes": {"": {"executed_lines": [2, 20, 21, 22, 23, 26, 29, 50, 52, 53, 54, 56, 57, 58, 61, 62, 63, 68, 69, 70, 71, 75, 76, 77, 82, 83, 84, 89, 90, 91, 96, 97, 102, 104, 107, 116, 117, 118, 120, 121, 122, 123, 126, 139, 140, 142, 143, 144, 146, 147, 149, 151, 154, 174, 175, 178, 179, 184, 185, 186, 187, 188, 197, 200, 202, 203, 206, 207, 210, 212, 213, 214, 215, 217, 219, 225, 226, 231, 232, 235, 238, 247, 250, 251, 254, 258, 259, 261, 270, 273, 293, 294, 297, 300, 303, 305, 308, 314, 315, 318, 319, 323, 326, 327, 330, 331, 335, 338, 341, 342, 348, 350, 353, 364, 365, 366, 367, 371, 372, 376], "summary": {"covered_lines": 119, "num_statements": 132, "percent_covered": 90.15151515151516, "percent_covered_display": "90", "missing_lines": 13, "excluded_lines": 0}, "missing_lines": [189, 190, 192, 204, 220, 222, 240, 241, 255, 309, 312, 377, 378], "excluded_lines": []}}}, "muc_one_up/toxic_protein_detector.py": {"executed_lines": [], "summary": {"covered_lines": 0, "num_statements": 74, "percent_covered": 0.0, "percent_covered_display": "0", "missing_lines": 74, "excluded_lines": 2}, "missing_lines": [58, 59, 60, 63, 85, 86, 87, 88, 89, 90, 91, 92, 93, 96, 99, 113, 114, 115, 116, 117, 120, 138, 139, 140, 141, 142, 145, 211, 212, 215, 216, 217, 218, 219, 223, 227, 231, 232, 234, 237, 240, 242, 252, 276, 277, 278, 279, 280, 281, 282, 283, 284, 285, 288, 289, 290, 292, 293, 294, 295, 298, 299, 302, 315, 318, 319, 320, 321, 326, 332, 338, 344, 346, 355], "excluded_lines": [358, 359], "functions": {"sliding_window_repeat_analysis": {"executed_lines": [], "summary": {"covered_lines": 0, "num_statements": 10, "percent_covered": 0.0, "percent_covered_display": "0", "missing_lines": 10, "excluded_lines": 0}, "missing_lines": [85, 86, 87, 88, 89, 90, 91, 92, 93, 96], "excluded_lines": []}, "compute_amino_acid_composition": {"executed_lines": [], "summary": {"covered_lines": 0, "num_statements": 5, "percent_covered": 0.0, "percent_covered_display": "0", "missing_lines": 5, "excluded_lines": 0}, "missing_lines": [113, 114, 115, 116, 117], "excluded_lines": []}, "composition_similarity": {"executed_lines": [], "summary": {"covered_lines": 0, "num_statements": 5, "percent_covered": 0.0, "percent_covered_display": "0", "missing_lines": 5, "excluded_lines": 0}, "missing_lines": [138, 139, 140, 141, 142], "excluded_lines": []}, "detect_toxic_protein_in_sequence": {"executed_lines": [], "summary": {"covered_lines": 0, "num_statements": 15, "percent_covered": 0.0, "percent_covered_display": "0", "missing_lines": 15, "excluded_lines": 0}, "missing_lines": [211, 212, 215, 216, 217, 218, 219, 223, 227, 231, 232, 234, 237, 240, 242], "excluded_lines": []}, "scan_orf_fasta": {"executed_lines": [], "summary": {"covered_lines": 0, "num_statements": 19, "percent_covered": 0.0, "percent_covered_display": "0", "missing_lines": 19, "excluded_lines": 0}, "missing_lines": [276, 277, 278, 279, 280, 281, 282, 283, 284, 285, 288, 289, 290, 292, 293, 294, 295, 298, 299], "excluded_lines": []}, "main": {"executed_lines": [], "summary": {"covered_lines": 0, "num_statements": 11, "percent_covered": 0.0, "percent_covered_display": "0", "missing_lines": 11, "excluded_lines": 0}, "missing_lines": [315, 318, 319, 320, 321, 326, 332, 338, 344, 346, 355], "excluded_lines": []}, "": {"executed_lines": [], "summary": {"covered_lines": 0, "num_statements": 9, "percent_covered": 0.0, "percent_covered_display": "0", "missing_lines": 9, "excluded_lines": 2}, "missing_lines": [58, 59, 60, 63, 99, 120, 145, 252, 302], "excluded_lines": [358, 359]}}, "classes": {"": {"executed_lines": [], "summary": {"covered_lines": 0, "num_statements": 74, "percent_covered": 0.0, "percent_covered_display": "0", "missing_lines": 74, "excluded_lines": 2}, "missing_lines": [58, 59, 60, 63, 85, 86, 87, 88, 89, 90, 91, 92, 93, 96, 99, 113, 114, 115, 116, 117, 120, 138, 139, 140, 141, 142, 145, 211, 212, 215, 216, 217, 218, 219, 223, 227, 231, 232, 234, 237, 240, 242, 252, 276, 277, 278, 279, 280, 281, 282, 283, 284, 285, 288, 289, 290, 292, 293, 294, 295, 298, 299, 302, 315, 318, 319, 320, 321, 326, 332, 338, 344, 346, 355], "excluded_lines": [358, 359]}}}, "muc_one_up/translate.py": {"executed_lines": [3, 4, 6, 9, 77, 84, 96, 99, 108, 109, 110, 111, 113, 114, 115, 116, 117, 120, 145, 147, 149, 165, 176, 177, 179, 180, 181, 190, 191, 192, 193, 194, 195, 198, 199, 201, 203, 204, 205, 207, 208, 211, 218, 219, 220, 221, 222, 223, 224, 230, 241, 244], "summary": {"covered_lines": 52, "num_statements": 61, "percent_covered": 85.24590163934427, "percent_covered_display": "85", "missing_lines": 9, "excluded_lines": 0}, "missing_lines": [112, 146, 148, 197, 200, 202, 225, 226, 227], "excluded_lines": [], "functions": {"reverse_complement": {"executed_lines": [84, 96], "summary": {"covered_lines": 2, "num_statements": 2, "percent_covered": 100.0, "percent_covered_display": "100", "missing_lines": 0, "excluded_lines": 0}, "missing_lines": [], "excluded_lines": []}, "dna_to_protein": {"executed_lines": [108, 109, 110, 111, 113, 114, 115, 116, 117], "summary": {"covered_lines": 9, "num_statements": 10, "percent_covered": 90.0, "percent_covered_display": "90", "missing_lines": 1, "excluded_lines": 0}, "missing_lines": [112], "excluded_lines": []}, "find_orfs_in_memory": {"executed_lines": [145, 147, 149], "summary": {"covered_lines": 3, "num_statements": 5, "percent_covered": 60.0, "percent_covered_display": "60", "missing_lines": 2, "excluded_lines": 0}, "missing_lines": [146, 148], "excluded_lines": []}, "predict_orfs_in_haplotypes": {"executed_lines": [176, 177, 179, 180, 181, 190, 191, 192, 193, 194, 195, 198, 199, 201, 203, 204, 205, 207, 208], "summary": {"covered_lines": 19, "num_statements": 22, "percent_covered": 86.36363636363636, "percent_covered_display": "86", "missing_lines": 3, "excluded_lines": 0}, "missing_lines": [197, 200, 202], "excluded_lines": []}, "write_peptides_to_fasta": {"executed_lines": [218, 219, 220, 221, 222, 223, 224], "summary": {"covered_lines": 7, "num_statements": 10, "percent_covered": 70.0, "percent_covered_display": "70", "missing_lines": 3, "excluded_lines": 0}, "missing_lines": [225, 226, 227], "excluded_lines": []}, "run_orf_finder_in_memory": {"executed_lines": [241, 244], "summary": {"covered_lines": 2, "num_statements": 2, "percent_covered": 100.0, "percent_covered_display": "100", "missing_lines": 0, "excluded_lines": 0}, "missing_lines": [], "excluded_lines": []}, "": {"executed_lines": [3, 4, 6, 9, 77, 99, 120, 165, 211, 230], "summary": {"covered_lines": 10, "num_statements": 10, "percent_covered": 100.0, "percent_covered_display": "100", "missing_lines": 0, "excluded_lines": 0}, "missing_lines": [], "excluded_lines": []}}, "classes": {"": {"executed_lines": [3, 4, 6, 9, 77, 84, 96, 99, 108, 109, 110, 111, 113, 114, 115, 116, 117, 120, 145, 147, 149, 165, 176, 177, 179, 180, 181, 190, 191, 192, 193, 194, 195, 198, 199, 201, 203, 204, 205, 207, 208, 211, 218, 219, 220, 221, 222, 223, 224, 230, 241, 244], "summary": {"covered_lines": 52, "num_statements": 61, "percent_covered": 85.24590163934427, "percent_covered_display": "85", "missing_lines": 9, "excluded_lines": 0}, "missing_lines": [112, 146, 148, 197, 200, 202, 225, 226, 227], "excluded_lines": []}}}, "muc_one_up/type_defs.py": {"executed_lines": [1, 11, 12, 15, 16, 17, 18, 21, 22, 23, 24, 25, 28, 29, 30, 31, 32, 35, 36, 37, 40, 43, 44, 45, 48, 49, 52, 53, 57, 58, 60, 65, 66, 68, 73, 74, 76], "summary": {"covered_lines": 33, "num_statements": 36, "percent_covered": 91.66666666666667, "percent_covered_display": "92", "missing_lines": 3, "excluded_lines": 0}, "missing_lines": [62, 70, 78], "excluded_lines": [], "functions": {"ToolWrapper.run_command": {"executed_lines": [], "summary": {"covered_lines": 0, "num_statements": 1, "percent_covered": 0.0, "percent_covered_display": "0", "missing_lines": 1, "excluded_lines": 0}, "missing_lines": [62], "excluded_lines": []}, "ConfigLoader.load_config": {"executed_lines": [], "summary": {"covered_lines": 0, "num_statements": 1, "percent_covered": 0.0, "percent_covered_display": "0", "missing_lines": 1, "excluded_lines": 0}, "missing_lines": [70], "excluded_lines": []}, "SequenceValidator.validate_dna_sequence": {"executed_lines": [], "summary": {"covered_lines": 0, "num_statements": 1, "percent_covered": 0.0, "percent_covered_display": "0", "missing_lines": 1, "excluded_lines": 0}, "missing_lines": [78], "excluded_lines": []}, "": {"executed_lines": [1, 11, 12, 15, 16, 17, 18, 21, 22, 23, 24, 25, 28, 29, 30, 31, 32, 35, 36, 37, 40, 43, 44, 45, 48, 49, 52, 53, 57, 58, 60, 65, 66, 68, 73, 74, 76], "summary": {"covered_lines": 33, "num_statements": 33, "percent_covered": 100.0, "percent_covered_display": "100", "missing_lines": 0, "excluded_lines": 0}, "missing_lines": [], "excluded_lines": []}}, "classes": {"ToolWrapper": {"executed_lines": [], "summary": {"covered_lines": 0, "num_statements": 1, "percent_covered": 0.0, "percent_covered_display": "0", "missing_lines": 1, "excluded_lines": 0}, "missing_lines": [62], "excluded_lines": []}, "ConfigLoader": {"executed_lines": [], "summary": {"covered_lines": 0, "num_statements": 1, "percent_covered": 0.0, "percent_covered_display": "0", "missing_lines": 1, "excluded_lines": 0}, "missing_lines": [70], "excluded_lines": []}, "SequenceValidator": {"executed_lines": [], "summary": {"covered_lines": 0, "num_statements": 1, "percent_covered": 0.0, "percent_covered_display": "0", "missing_lines": 1, "excluded_lines": 0}, "missing_lines": [78], "excluded_lines": []}, "": {"executed_lines": [1, 11, 12, 15, 16, 17, 18, 21, 22, 23, 24, 25, 28, 29, 30, 31, 32, 35, 36, 37, 40, 43, 44, 45, 48, 49, 52, 53, 57, 58, 60, 65, 66, 68, 73, 74, 76], "summary": {"covered_lines": 33, "num_statements": 33, "percent_covered": 100.0, "percent_covered_display": "100", "missing_lines": 0, "excluded_lines": 0}, "missing_lines": [], "excluded_lines": []}}}, "muc_one_up/validation.py": {"executed_lines": [1, 12, 14, 15, 18, 28, 29, 35, 46, 47, 48, 49, 50, 53, 63, 64, 65, 68, 78, 79, 80, 81, 82, 85, 95, 96, 97, 98, 103, 118, 120, 121, 127, 128, 129, 136, 147, 149, 150, 155, 165, 166, 169, 179, 180, 183, 193, 194, 197, 206, 207, 208], "summary": {"covered_lines": 51, "num_statements": 51, "percent_covered": 100.0, "percent_covered_display": "100", "missing_lines": 0, "excluded_lines": 0}, "missing_lines": [], "excluded_lines": [], "functions": {"validate_haplotype_index": {"executed_lines": [28, 29], "summary": {"covered_lines": 2, "num_statements": 2, "percent_covered": 100.0, "percent_covered_display": "100", "missing_lines": 0, "excluded_lines": 0}, "missing_lines": [], "excluded_lines": []}, "validate_repeat_index": {"executed_lines": [46, 47, 48, 49, 50], "summary": {"covered_lines": 5, "num_statements": 5, "percent_covered": 100.0, "percent_covered_display": "100", "missing_lines": 0, "excluded_lines": 0}, "missing_lines": [], "excluded_lines": []}, "validate_file_exists": {"executed_lines": [63, 64, 65], "summary": {"covered_lines": 3, "num_statements": 3, "percent_covered": 100.0, "percent_covered_display": "100", "missing_lines": 0, "excluded_lines": 0}, "missing_lines": [], "excluded_lines": []}, "validate_directory_exists": {"executed_lines": [78, 79, 80, 81, 82], "summary": {"covered_lines": 5, "num_statements": 5, "percent_covered": 100.0, "percent_covered_display": "100", "missing_lines": 0, "excluded_lines": 0}, "missing_lines": [], "excluded_lines": []}, "validate_mutation_exists": {"executed_lines": [95, 96, 97, 98], "summary": {"covered_lines": 4, "num_statements": 4, "percent_covered": 100.0, "percent_covered_display": "100", "missing_lines": 0, "excluded_lines": 0}, "missing_lines": [], "excluded_lines": []}, "validate_mutation_targets": {"executed_lines": [118, 120, 121, 127, 128, 129], "summary": {"covered_lines": 6, "num_statements": 6, "percent_covered": 100.0, "percent_covered_display": "100", "missing_lines": 0, "excluded_lines": 0}, "missing_lines": [], "excluded_lines": []}, "validate_repeat_symbol": {"executed_lines": [147, 149, 150], "summary": {"covered_lines": 3, "num_statements": 3, "percent_covered": 100.0, "percent_covered_display": "100", "missing_lines": 0, "excluded_lines": 0}, "missing_lines": [], "excluded_lines": []}, "validate_positive_integer": {"executed_lines": [165, 166], "summary": {"covered_lines": 2, "num_statements": 2, "percent_covered": 100.0, "percent_covered_display": "100", "missing_lines": 0, "excluded_lines": 0}, "missing_lines": [], "excluded_lines": []}, "validate_non_negative_integer": {"executed_lines": [179, 180], "summary": {"covered_lines": 2, "num_statements": 2, "percent_covered": 100.0, "percent_covered_display": "100", "missing_lines": 0, "excluded_lines": 0}, "missing_lines": [], "excluded_lines": []}, "validate_probability": {"executed_lines": [193, 194], "summary": {"covered_lines": 2, "num_statements": 2, "percent_covered": 100.0, "percent_covered_display": "100", "missing_lines": 0, "excluded_lines": 0}, "missing_lines": [], "excluded_lines": []}, "validate_reference_assembly": {"executed_lines": [206, 207, 208], "summary": {"covered_lines": 3, "num_statements": 3, "percent_covered": 100.0, "percent_covered_display": "100", "missing_lines": 0, "excluded_lines": 0}, "missing_lines": [], "excluded_lines": []}, "": {"executed_lines": [1, 12, 14, 15, 18, 35, 53, 68, 85, 103, 136, 155, 169, 183, 197], "summary": {"covered_lines": 14, "num_statements": 14, "percent_covered": 100.0, "percent_covered_display": "100", "missing_lines": 0, "excluded_lines": 0}, "missing_lines": [], "excluded_lines": []}}, "classes": {"": {"executed_lines": [1, 12, 14, 15, 18, 28, 29, 35, 46, 47, 48, 49, 50, 53, 63, 64, 65, 68, 78, 79, 80, 81, 82, 85, 95, 96, 97, 98, 103, 118, 120, 121, 127, 128, 129, 136, 147, 149, 150, 155, 165, 166, 169, 179, 180, 183, 193, 194, 197, 206, 207, 208], "summary": {"covered_lines": 51, "num_statements": 51, "percent_covered": 100.0, "percent_covered_display": "100", "missing_lines": 0, "excluded_lines": 0}, "missing_lines": [], "excluded_lines": []}}}, "muc_one_up/version.py": {"executed_lines": [3], "summary": {"covered_lines": 1, "num_statements": 1, "percent_covered": 100.0, "percent_covered_display": "100", "missing_lines": 0, "excluded_lines": 0}, "missing_lines": [], "excluded_lines": [], "functions": {"": {"executed_lines": [3], "summary": {"covered_lines": 1, "num_statements": 1, "percent_covered": 100.0, "percent_covered_display": "100", "missing_lines": 0, "excluded_lines": 0}, "missing_lines": [], "excluded_lines": []}}, "classes": {"": {"executed_lines": [3], "summary": {"covered_lines": 1, "num_statements": 1, "percent_covered": 100.0, "percent_covered_display": "100", "missing_lines": 0, "excluded_lines": 0}, "missing_lines": [], "excluded_lines": []}}}}, "totals": {"covered_lines": 1495, "num_statements": 2585, "percent_covered": 57.83365570599613, "percent_covered_display": "58", "missing_lines": 1090, "excluded_lines": 38}}
